{"C:\\Projects\\smash music modding\\UltimateMusicBuilder\\UMB.Desktop\\src\\main\\app-settings.ts": {"path":"C:\\Projects\\smash music modding\\UltimateMusicBuilder\\UMB.Desktop\\src\\main\\app-settings.ts","all":false,"statementMap":{"0":{"start":{"line":1,"column":0},"end":{"line":1,"column":73}},"7":{"start":{"line":8,"column":0},"end":{"line":8,"column":31}},"8":{"start":{"line":9,"column":0},"end":{"line":9,"column":29}},"9":{"start":{"line":10,"column":0},"end":{"line":10,"column":1}},"11":{"start":{"line":12,"column":0},"end":{"line":12,"column":50}},"12":{"start":{"line":13,"column":0},"end":{"line":13,"column":81}},"13":{"start":{"line":14,"column":0},"end":{"line":14,"column":1}},"15":{"start":{"line":16,"column":0},"end":{"line":16,"column":42}},"16":{"start":{"line":17,"column":0},"end":{"line":17,"column":42}},"17":{"start":{"line":18,"column":0},"end":{"line":18,"column":73}},"18":{"start":{"line":19,"column":0},"end":{"line":19,"column":1}},"20":{"start":{"line":21,"column":0},"end":{"line":21,"column":64}},"21":{"start":{"line":22,"column":0},"end":{"line":22,"column":7}},"22":{"start":{"line":23,"column":0},"end":{"line":23,"column":76}},"23":{"start":{"line":24,"column":0},"end":{"line":24,"column":72}},"24":{"start":{"line":25,"column":0},"end":{"line":25,"column":12}},"25":{"start":{"line":26,"column":0},"end":{"line":26,"column":106}},"26":{"start":{"line":27,"column":0},"end":{"line":27,"column":5}},"27":{"start":{"line":28,"column":0},"end":{"line":28,"column":11}},"28":{"start":{"line":29,"column":0},"end":{"line":29,"column":26}},"29":{"start":{"line":30,"column":0},"end":{"line":30,"column":3}},"30":{"start":{"line":31,"column":0},"end":{"line":31,"column":1}},"32":{"start":{"line":33,"column":0},"end":{"line":33,"column":60}},"33":{"start":{"line":34,"column":0},"end":{"line":34,"column":7}},"34":{"start":{"line":35,"column":0},"end":{"line":35,"column":76}},"35":{"start":{"line":36,"column":0},"end":{"line":36,"column":64}},"36":{"start":{"line":37,"column":0},"end":{"line":37,"column":47}},"37":{"start":{"line":38,"column":0},"end":{"line":38,"column":67}},"38":{"start":{"line":39,"column":0},"end":{"line":39,"column":11}},"39":{"start":{"line":40,"column":0},"end":{"line":40,"column":16}},"40":{"start":{"line":41,"column":0},"end":{"line":41,"column":3}},"41":{"start":{"line":42,"column":0},"end":{"line":42,"column":1}},"43":{"start":{"line":44,"column":0},"end":{"line":44,"column":81}},"44":{"start":{"line":45,"column":0},"end":{"line":45,"column":38}},"45":{"start":{"line":46,"column":0},"end":{"line":46,"column":71}},"46":{"start":{"line":47,"column":0},"end":{"line":47,"column":23}},"47":{"start":{"line":48,"column":0},"end":{"line":48,"column":73}},"48":{"start":{"line":49,"column":0},"end":{"line":49,"column":60}},"49":{"start":{"line":50,"column":0},"end":{"line":50,"column":1}}},"s":{"0":1,"7":1,"8":1,"9":1,"11":12,"12":12,"13":12,"15":12,"16":12,"17":12,"18":12,"20":1,"21":6,"22":6,"23":6,"24":6,"25":6,"26":6,"27":6,"28":1,"29":1,"30":6,"32":1,"33":4,"34":4,"35":4,"36":4,"37":4,"38":4,"39":1,"40":1,"41":4,"43":1,"44":2,"45":2,"46":2,"47":2,"48":2,"49":2},"branchMap":{"0":{"type":"branch","line":12,"loc":{"start":{"line":12,"column":0},"end":{"line":14,"column":1}},"locations":[{"start":{"line":12,"column":0},"end":{"line":14,"column":1}}]},"1":{"type":"branch","line":16,"loc":{"start":{"line":16,"column":0},"end":{"line":19,"column":1}},"locations":[{"start":{"line":16,"column":0},"end":{"line":19,"column":1}}]},"2":{"type":"branch","line":18,"loc":{"start":{"line":18,"column":43},"end":{"line":18,"column":68}},"locations":[{"start":{"line":18,"column":43},"end":{"line":18,"column":68}}]},"3":{"type":"branch","line":18,"loc":{"start":{"line":18,"column":64},"end":{"line":18,"column":72}},"locations":[{"start":{"line":18,"column":64},"end":{"line":18,"column":72}}]},"4":{"type":"branch","line":21,"loc":{"start":{"line":21,"column":7},"end":{"line":31,"column":1}},"locations":[{"start":{"line":21,"column":7},"end":{"line":31,"column":1}}]},"5":{"type":"branch","line":24,"loc":{"start":{"line":24,"column":18},"end":{"line":24,"column":72}},"locations":[{"start":{"line":24,"column":18},"end":{"line":24,"column":72}}]},"6":{"type":"branch","line":26,"loc":{"start":{"line":26,"column":31},"end":{"line":26,"column":75}},"locations":[{"start":{"line":26,"column":31},"end":{"line":26,"column":75}}]},"7":{"type":"branch","line":26,"loc":{"start":{"line":26,"column":38},"end":{"line":26,"column":106}},"locations":[{"start":{"line":26,"column":38},"end":{"line":26,"column":106}}]},"8":{"type":"branch","line":28,"loc":{"start":{"line":28,"column":2},"end":{"line":30,"column":3}},"locations":[{"start":{"line":28,"column":2},"end":{"line":30,"column":3}}]},"9":{"type":"branch","line":33,"loc":{"start":{"line":33,"column":7},"end":{"line":42,"column":1}},"locations":[{"start":{"line":33,"column":7},"end":{"line":42,"column":1}}]},"10":{"type":"branch","line":36,"loc":{"start":{"line":36,"column":23},"end":{"line":36,"column":53}},"locations":[{"start":{"line":36,"column":23},"end":{"line":36,"column":53}}]},"11":{"type":"branch","line":36,"loc":{"start":{"line":36,"column":28},"end":{"line":36,"column":64}},"locations":[{"start":{"line":36,"column":28},"end":{"line":36,"column":64}}]},"12":{"type":"branch","line":38,"loc":{"start":{"line":38,"column":30},"end":{"line":38,"column":67}},"locations":[{"start":{"line":38,"column":30},"end":{"line":38,"column":67}}]},"13":{"type":"branch","line":39,"loc":{"start":{"line":39,"column":2},"end":{"line":41,"column":3}},"locations":[{"start":{"line":39,"column":2},"end":{"line":41,"column":3}}]},"14":{"type":"branch","line":44,"loc":{"start":{"line":44,"column":7},"end":{"line":50,"column":1}},"locations":[{"start":{"line":44,"column":7},"end":{"line":50,"column":1}}]}},"b":{"0":[12],"1":[12],"2":[1],"3":[9],"4":[6],"5":[5],"6":[5],"7":[1],"8":[1],"9":[4],"10":[3],"11":[2],"12":[3],"13":[1],"14":[2]},"fnMap":{"0":{"name":"settingsPath","decl":{"start":{"line":12,"column":0},"end":{"line":14,"column":1}},"loc":{"start":{"line":12,"column":0},"end":{"line":14,"column":1}},"line":12},"1":{"name":"readJson","decl":{"start":{"line":16,"column":0},"end":{"line":19,"column":1}},"loc":{"start":{"line":16,"column":0},"end":{"line":19,"column":1}},"line":16},"2":{"name":"getAppSettings","decl":{"start":{"line":21,"column":7},"end":{"line":31,"column":1}},"loc":{"start":{"line":21,"column":7},"end":{"line":31,"column":1}},"line":21},"3":{"name":"checkArcOutput","decl":{"start":{"line":33,"column":7},"end":{"line":42,"column":1}},"loc":{"start":{"line":33,"column":7},"end":{"line":42,"column":1}},"line":33},"4":{"name":"saveAppSettings","decl":{"start":{"line":44,"column":7},"end":{"line":50,"column":1}},"loc":{"start":{"line":44,"column":7},"end":{"line":50,"column":1}},"line":44}},"f":{"0":12,"1":12,"2":6,"3":4,"4":2}}
,"C:\\Projects\\smash music modding\\UltimateMusicBuilder\\UMB.Desktop\\src\\main\\config-volume.ts": {"path":"C:\\Projects\\smash music modding\\UltimateMusicBuilder\\UMB.Desktop\\src\\main\\config-volume.ts","all":true,"statementMap":{"0":{"start":{"line":1,"column":0},"end":{"line":1,"column":72}},"1":{"start":{"line":2,"column":0},"end":{"line":2,"column":37}},"2":{"start":{"line":3,"column":0},"end":{"line":3,"column":27}},"3":{"start":{"line":4,"column":0},"end":{"line":4,"column":52}},"4":{"start":{"line":5,"column":0},"end":{"line":5,"column":0}},"5":{"start":{"line":6,"column":0},"end":{"line":6,"column":63}},"6":{"start":{"line":7,"column":0},"end":{"line":7,"column":32}},"7":{"start":{"line":8,"column":0},"end":{"line":8,"column":23}},"8":{"start":{"line":9,"column":0},"end":{"line":9,"column":15}},"9":{"start":{"line":10,"column":0},"end":{"line":10,"column":18}},"10":{"start":{"line":11,"column":0},"end":{"line":11,"column":25}},"11":{"start":{"line":12,"column":0},"end":{"line":12,"column":22}},"12":{"start":{"line":13,"column":0},"end":{"line":13,"column":18}},"13":{"start":{"line":14,"column":0},"end":{"line":14,"column":21}},"14":{"start":{"line":15,"column":0},"end":{"line":15,"column":22}},"15":{"start":{"line":16,"column":0},"end":{"line":16,"column":1}},"16":{"start":{"line":17,"column":0},"end":{"line":17,"column":0}},"17":{"start":{"line":18,"column":0},"end":{"line":18,"column":35}},"18":{"start":{"line":19,"column":0},"end":{"line":19,"column":20}},"19":{"start":{"line":20,"column":0},"end":{"line":20,"column":20}},"20":{"start":{"line":21,"column":0},"end":{"line":21,"column":32}},"21":{"start":{"line":22,"column":0},"end":{"line":22,"column":20}},"22":{"start":{"line":23,"column":0},"end":{"line":23,"column":23}},"23":{"start":{"line":24,"column":0},"end":{"line":24,"column":26}},"24":{"start":{"line":25,"column":0},"end":{"line":25,"column":26}},"25":{"start":{"line":26,"column":0},"end":{"line":26,"column":24}},"26":{"start":{"line":27,"column":0},"end":{"line":27,"column":1}},"27":{"start":{"line":28,"column":0},"end":{"line":28,"column":0}},"28":{"start":{"line":29,"column":0},"end":{"line":29,"column":33}},"29":{"start":{"line":30,"column":0},"end":{"line":30,"column":23}},"30":{"start":{"line":31,"column":0},"end":{"line":31,"column":16}},"31":{"start":{"line":32,"column":0},"end":{"line":32,"column":1}},"32":{"start":{"line":33,"column":0},"end":{"line":33,"column":0}},"33":{"start":{"line":34,"column":0},"end":{"line":34,"column":75}},"34":{"start":{"line":35,"column":0},"end":{"line":35,"column":31}},"35":{"start":{"line":36,"column":0},"end":{"line":36,"column":20}},"36":{"start":{"line":37,"column":0},"end":{"line":37,"column":32}},"37":{"start":{"line":38,"column":0},"end":{"line":38,"column":20}},"38":{"start":{"line":39,"column":0},"end":{"line":39,"column":23}},"39":{"start":{"line":40,"column":0},"end":{"line":40,"column":26}},"40":{"start":{"line":41,"column":0},"end":{"line":41,"column":26}},"41":{"start":{"line":42,"column":0},"end":{"line":42,"column":24}},"42":{"start":{"line":43,"column":0},"end":{"line":43,"column":1}},"43":{"start":{"line":44,"column":0},"end":{"line":44,"column":0}},"44":{"start":{"line":45,"column":0},"end":{"line":45,"column":56}},"45":{"start":{"line":46,"column":0},"end":{"line":46,"column":79}},"46":{"start":{"line":47,"column":0},"end":{"line":47,"column":77}},"47":{"start":{"line":48,"column":0},"end":{"line":48,"column":92}},"48":{"start":{"line":49,"column":0},"end":{"line":49,"column":1}},"49":{"start":{"line":50,"column":0},"end":{"line":50,"column":0}},"50":{"start":{"line":51,"column":0},"end":{"line":51,"column":3}},"51":{"start":{"line":52,"column":0},"end":{"line":52,"column":77}},"52":{"start":{"line":53,"column":0},"end":{"line":53,"column":78}},"53":{"start":{"line":54,"column":0},"end":{"line":54,"column":3}},"54":{"start":{"line":55,"column":0},"end":{"line":55,"column":39}},"55":{"start":{"line":56,"column":0},"end":{"line":56,"column":20}},"56":{"start":{"line":57,"column":0},"end":{"line":57,"column":21}},"57":{"start":{"line":58,"column":0},"end":{"line":58,"column":19}},"58":{"start":{"line":59,"column":0},"end":{"line":59,"column":33}},"59":{"start":{"line":60,"column":0},"end":{"line":60,"column":30}},"60":{"start":{"line":61,"column":0},"end":{"line":61,"column":59}},"61":{"start":{"line":62,"column":0},"end":{"line":62,"column":61}},"62":{"start":{"line":63,"column":0},"end":{"line":63,"column":97}},"63":{"start":{"line":64,"column":0},"end":{"line":64,"column":0}},"64":{"start":{"line":65,"column":0},"end":{"line":65,"column":7}},"65":{"start":{"line":66,"column":0},"end":{"line":66,"column":81}},"66":{"start":{"line":67,"column":0},"end":{"line":67,"column":0}},"67":{"start":{"line":68,"column":0},"end":{"line":68,"column":34}},"68":{"start":{"line":69,"column":0},"end":{"line":69,"column":14}},"69":{"start":{"line":70,"column":0},"end":{"line":70,"column":41}},"70":{"start":{"line":71,"column":0},"end":{"line":71,"column":19}},"71":{"start":{"line":72,"column":0},"end":{"line":72,"column":34}},"72":{"start":{"line":73,"column":0},"end":{"line":73,"column":24}},"73":{"start":{"line":74,"column":0},"end":{"line":74,"column":25}},"74":{"start":{"line":75,"column":0},"end":{"line":75,"column":31}},"75":{"start":{"line":76,"column":0},"end":{"line":76,"column":31}},"76":{"start":{"line":77,"column":0},"end":{"line":77,"column":17}},"77":{"start":{"line":78,"column":0},"end":{"line":78,"column":7}},"78":{"start":{"line":79,"column":0},"end":{"line":79,"column":5}},"79":{"start":{"line":80,"column":0},"end":{"line":80,"column":0}},"80":{"start":{"line":81,"column":0},"end":{"line":81,"column":87}},"81":{"start":{"line":82,"column":0},"end":{"line":82,"column":12}},"82":{"start":{"line":83,"column":0},"end":{"line":83,"column":60}},"83":{"start":{"line":84,"column":0},"end":{"line":84,"column":17}},"84":{"start":{"line":85,"column":0},"end":{"line":85,"column":60}},"85":{"start":{"line":86,"column":0},"end":{"line":86,"column":36}},"86":{"start":{"line":87,"column":0},"end":{"line":87,"column":42}},"87":{"start":{"line":88,"column":0},"end":{"line":88,"column":46}},"88":{"start":{"line":89,"column":0},"end":{"line":89,"column":55}},"89":{"start":{"line":90,"column":0},"end":{"line":90,"column":31}},"90":{"start":{"line":91,"column":0},"end":{"line":91,"column":5}},"91":{"start":{"line":92,"column":0},"end":{"line":92,"column":13}},"92":{"start":{"line":93,"column":0},"end":{"line":93,"column":56}},"93":{"start":{"line":94,"column":0},"end":{"line":94,"column":57}},"94":{"start":{"line":95,"column":0},"end":{"line":95,"column":3}},"95":{"start":{"line":96,"column":0},"end":{"line":96,"column":1}},"96":{"start":{"line":97,"column":0},"end":{"line":97,"column":0}},"97":{"start":{"line":98,"column":0},"end":{"line":98,"column":76}},"98":{"start":{"line":99,"column":0},"end":{"line":99,"column":39}},"99":{"start":{"line":100,"column":0},"end":{"line":100,"column":20}},"100":{"start":{"line":101,"column":0},"end":{"line":101,"column":21}},"101":{"start":{"line":102,"column":0},"end":{"line":102,"column":30}},"102":{"start":{"line":103,"column":0},"end":{"line":103,"column":33}},"103":{"start":{"line":104,"column":0},"end":{"line":104,"column":18}},"104":{"start":{"line":105,"column":0},"end":{"line":105,"column":55}},"105":{"start":{"line":106,"column":0},"end":{"line":106,"column":87}},"106":{"start":{"line":107,"column":0},"end":{"line":107,"column":0}},"107":{"start":{"line":108,"column":0},"end":{"line":108,"column":7}},"108":{"start":{"line":109,"column":0},"end":{"line":109,"column":78}},"109":{"start":{"line":110,"column":0},"end":{"line":110,"column":13}},"110":{"start":{"line":111,"column":0},"end":{"line":111,"column":56}},"111":{"start":{"line":112,"column":0},"end":{"line":112,"column":3}},"112":{"start":{"line":113,"column":0},"end":{"line":113,"column":1}},"113":{"start":{"line":114,"column":0},"end":{"line":114,"column":0}},"114":{"start":{"line":115,"column":0},"end":{"line":115,"column":3}},"115":{"start":{"line":116,"column":0},"end":{"line":116,"column":78}},"116":{"start":{"line":117,"column":0},"end":{"line":117,"column":79}},"117":{"start":{"line":118,"column":0},"end":{"line":118,"column":3}},"118":{"start":{"line":119,"column":0},"end":{"line":119,"column":41}},"119":{"start":{"line":120,"column":0},"end":{"line":120,"column":20}},"120":{"start":{"line":121,"column":0},"end":{"line":121,"column":21}},"121":{"start":{"line":122,"column":0},"end":{"line":122,"column":19}},"122":{"start":{"line":123,"column":0},"end":{"line":123,"column":33}},"123":{"start":{"line":124,"column":0},"end":{"line":124,"column":27}},"124":{"start":{"line":125,"column":0},"end":{"line":125,"column":58}},"125":{"start":{"line":126,"column":0},"end":{"line":126,"column":61}},"126":{"start":{"line":127,"column":0},"end":{"line":127,"column":98}},"127":{"start":{"line":128,"column":0},"end":{"line":128,"column":0}},"128":{"start":{"line":129,"column":0},"end":{"line":129,"column":7}},"129":{"start":{"line":130,"column":0},"end":{"line":130,"column":81}},"130":{"start":{"line":131,"column":0},"end":{"line":131,"column":44}},"131":{"start":{"line":132,"column":0},"end":{"line":132,"column":43}},"132":{"start":{"line":133,"column":0},"end":{"line":133,"column":63}},"133":{"start":{"line":134,"column":0},"end":{"line":134,"column":13}},"134":{"start":{"line":135,"column":0},"end":{"line":135,"column":56}},"135":{"start":{"line":136,"column":0},"end":{"line":136,"column":57}},"136":{"start":{"line":137,"column":0},"end":{"line":137,"column":3}},"137":{"start":{"line":138,"column":0},"end":{"line":138,"column":1}}},"s":{"0":0,"1":0,"2":0,"3":0,"4":0,"5":0,"6":0,"7":0,"8":0,"9":0,"10":0,"11":0,"12":0,"13":0,"14":0,"15":0,"16":0,"17":0,"18":0,"19":0,"20":0,"21":0,"22":0,"23":0,"24":0,"25":0,"26":0,"27":0,"28":0,"29":0,"30":0,"31":0,"32":0,"33":0,"34":0,"35":0,"36":0,"37":0,"38":0,"39":0,"40":0,"41":0,"42":0,"43":0,"44":0,"45":0,"46":0,"47":0,"48":0,"49":0,"50":0,"51":0,"52":0,"53":0,"54":0,"55":0,"56":0,"57":0,"58":0,"59":0,"60":0,"61":0,"62":0,"63":0,"64":0,"65":0,"66":0,"67":0,"68":0,"69":0,"70":0,"71":0,"72":0,"73":0,"74":0,"75":0,"76":0,"77":0,"78":0,"79":0,"80":0,"81":0,"82":0,"83":0,"84":0,"85":0,"86":0,"87":0,"88":0,"89":0,"90":0,"91":0,"92":0,"93":0,"94":0,"95":0,"96":0,"97":0,"98":0,"99":0,"100":0,"101":0,"102":0,"103":0,"104":0,"105":0,"106":0,"107":0,"108":0,"109":0,"110":0,"111":0,"112":0,"113":0,"114":0,"115":0,"116":0,"117":0,"118":0,"119":0,"120":0,"121":0,"122":0,"123":0,"124":0,"125":0,"126":0,"127":0,"128":0,"129":0,"130":0,"131":0,"132":0,"133":0,"134":0,"135":0,"136":0,"137":0},"branchMap":{"0":{"type":"branch","line":1,"loc":{"start":{"line":1,"column":0},"end":{"line":138,"column":1}},"locations":[{"start":{"line":1,"column":0},"end":{"line":138,"column":1}}]}},"b":{"0":[0]},"fnMap":{"0":{"name":"(empty-report)","decl":{"start":{"line":1,"column":0},"end":{"line":138,"column":1}},"loc":{"start":{"line":1,"column":0},"end":{"line":138,"column":1}},"line":1}},"f":{"0":0}}
,"C:\\Projects\\smash music modding\\UltimateMusicBuilder\\UMB.Desktop\\src\\main\\extract-icons.ts": {"path":"C:\\Projects\\smash music modding\\UltimateMusicBuilder\\UMB.Desktop\\src\\main\\extract-icons.ts","all":false,"statementMap":{"0":{"start":{"line":1,"column":0},"end":{"line":1,"column":106}},"33":{"start":{"line":34,"column":0},"end":{"line":34,"column":31}},"35":{"start":{"line":36,"column":0},"end":{"line":36,"column":26}},"36":{"start":{"line":37,"column":0},"end":{"line":37,"column":66}},"37":{"start":{"line":38,"column":0},"end":{"line":38,"column":1}},"39":{"start":{"line":40,"column":0},"end":{"line":40,"column":65}},"40":{"start":{"line":41,"column":0},"end":{"line":41,"column":47}},"41":{"start":{"line":42,"column":0},"end":{"line":42,"column":1}},"43":{"start":{"line":44,"column":0},"end":{"line":44,"column":68}},"44":{"start":{"line":45,"column":0},"end":{"line":45,"column":45}},"45":{"start":{"line":46,"column":0},"end":{"line":46,"column":64}},"46":{"start":{"line":47,"column":0},"end":{"line":47,"column":1}},"48":{"start":{"line":49,"column":0},"end":{"line":49,"column":54}},"49":{"start":{"line":50,"column":0},"end":{"line":50,"column":48}},"50":{"start":{"line":51,"column":0},"end":{"line":51,"column":1}},"52":{"start":{"line":53,"column":0},"end":{"line":53,"column":66}},"53":{"start":{"line":54,"column":0},"end":{"line":54,"column":33}},"54":{"start":{"line":55,"column":0},"end":{"line":55,"column":45}},"55":{"start":{"line":56,"column":0},"end":{"line":56,"column":33}},"57":{"start":{"line":58,"column":0},"end":{"line":58,"column":22}},"58":{"start":{"line":59,"column":0},"end":{"line":59,"column":61}},"59":{"start":{"line":60,"column":0},"end":{"line":60,"column":56}},"60":{"start":{"line":61,"column":0},"end":{"line":61,"column":3}},"62":{"start":{"line":63,"column":0},"end":{"line":63,"column":31}},"63":{"start":{"line":64,"column":0},"end":{"line":64,"column":31}},"64":{"start":{"line":65,"column":0},"end":{"line":65,"column":3}},"65":{"start":{"line":66,"column":0},"end":{"line":66,"column":13}},"66":{"start":{"line":67,"column":0},"end":{"line":67,"column":1}},"68":{"start":{"line":69,"column":0},"end":{"line":69,"column":112}},"69":{"start":{"line":70,"column":0},"end":{"line":70,"column":44}},"70":{"start":{"line":71,"column":0},"end":{"line":71,"column":59}},"71":{"start":{"line":72,"column":0},"end":{"line":72,"column":69}},"73":{"start":{"line":74,"column":0},"end":{"line":74,"column":15}},"74":{"start":{"line":75,"column":0},"end":{"line":75,"column":59}},"75":{"start":{"line":76,"column":0},"end":{"line":76,"column":65}},"76":{"start":{"line":77,"column":0},"end":{"line":77,"column":69}},"77":{"start":{"line":78,"column":0},"end":{"line":78,"column":14}},"78":{"start":{"line":79,"column":0},"end":{"line":79,"column":11}},"79":{"start":{"line":80,"column":0},"end":{"line":80,"column":5}},"80":{"start":{"line":81,"column":0},"end":{"line":81,"column":3}},"81":{"start":{"line":82,"column":0},"end":{"line":82,"column":63}},"83":{"start":{"line":84,"column":0},"end":{"line":84,"column":31}},"84":{"start":{"line":85,"column":0},"end":{"line":85,"column":54}},"85":{"start":{"line":86,"column":0},"end":{"line":86,"column":52}},"86":{"start":{"line":87,"column":0},"end":{"line":87,"column":53}},"88":{"start":{"line":89,"column":0},"end":{"line":89,"column":61}},"90":{"start":{"line":91,"column":0},"end":{"line":91,"column":40}},"91":{"start":{"line":92,"column":0},"end":{"line":92,"column":20}},"92":{"start":{"line":93,"column":0},"end":{"line":93,"column":51}},"94":{"start":{"line":95,"column":0},"end":{"line":95,"column":41}},"96":{"start":{"line":97,"column":0},"end":{"line":97,"column":39}},"97":{"start":{"line":98,"column":0},"end":{"line":98,"column":43}},"98":{"start":{"line":99,"column":0},"end":{"line":99,"column":64}},"99":{"start":{"line":100,"column":0},"end":{"line":100,"column":1}},"101":{"start":{"line":102,"column":0},"end":{"line":102,"column":120}},"102":{"start":{"line":103,"column":0},"end":{"line":103,"column":45}},"103":{"start":{"line":104,"column":0},"end":{"line":104,"column":42}},"104":{"start":{"line":105,"column":0},"end":{"line":105,"column":45}},"105":{"start":{"line":106,"column":0},"end":{"line":106,"column":40}},"106":{"start":{"line":107,"column":0},"end":{"line":107,"column":3}},"108":{"start":{"line":109,"column":0},"end":{"line":109,"column":81}},"109":{"start":{"line":110,"column":0},"end":{"line":110,"column":32}},"110":{"start":{"line":111,"column":0},"end":{"line":111,"column":83}},"111":{"start":{"line":112,"column":0},"end":{"line":112,"column":3}},"113":{"start":{"line":114,"column":0},"end":{"line":114,"column":43}},"114":{"start":{"line":115,"column":0},"end":{"line":115,"column":66}},"115":{"start":{"line":116,"column":0},"end":{"line":116,"column":34}},"117":{"start":{"line":118,"column":0},"end":{"line":118,"column":40}},"118":{"start":{"line":119,"column":0},"end":{"line":119,"column":32}},"120":{"start":{"line":121,"column":0},"end":{"line":121,"column":37}},"121":{"start":{"line":122,"column":0},"end":{"line":122,"column":78}},"122":{"start":{"line":123,"column":0},"end":{"line":123,"column":59}},"124":{"start":{"line":125,"column":0},"end":{"line":125,"column":81}},"125":{"start":{"line":126,"column":0},"end":{"line":126,"column":56}},"126":{"start":{"line":127,"column":0},"end":{"line":127,"column":20}},"127":{"start":{"line":128,"column":0},"end":{"line":128,"column":17}},"128":{"start":{"line":129,"column":0},"end":{"line":129,"column":27}},"129":{"start":{"line":130,"column":0},"end":{"line":130,"column":45}},"130":{"start":{"line":131,"column":0},"end":{"line":131,"column":8}},"131":{"start":{"line":132,"column":0},"end":{"line":132,"column":12}},"132":{"start":{"line":133,"column":0},"end":{"line":133,"column":30}},"133":{"start":{"line":134,"column":0},"end":{"line":134,"column":5}},"134":{"start":{"line":135,"column":0},"end":{"line":135,"column":3}},"136":{"start":{"line":137,"column":0},"end":{"line":137,"column":10}},"137":{"start":{"line":138,"column":0},"end":{"line":138,"column":20}},"138":{"start":{"line":139,"column":0},"end":{"line":139,"column":29}},"139":{"start":{"line":140,"column":0},"end":{"line":140,"column":39}},"140":{"start":{"line":141,"column":0},"end":{"line":141,"column":12}},"141":{"start":{"line":142,"column":0},"end":{"line":142,"column":13}},"142":{"start":{"line":143,"column":0},"end":{"line":143,"column":3}},"143":{"start":{"line":144,"column":0},"end":{"line":144,"column":1}},"145":{"start":{"line":146,"column":0},"end":{"line":146,"column":102}},"146":{"start":{"line":147,"column":0},"end":{"line":147,"column":43}},"147":{"start":{"line":148,"column":0},"end":{"line":148,"column":76}},"148":{"start":{"line":149,"column":0},"end":{"line":149,"column":18}},"149":{"start":{"line":150,"column":0},"end":{"line":150,"column":88}},"150":{"start":{"line":151,"column":0},"end":{"line":151,"column":14}},"151":{"start":{"line":152,"column":0},"end":{"line":152,"column":63}},"152":{"start":{"line":153,"column":0},"end":{"line":153,"column":7}},"153":{"start":{"line":154,"column":0},"end":{"line":154,"column":6}},"154":{"start":{"line":155,"column":0},"end":{"line":155,"column":4}},"155":{"start":{"line":156,"column":0},"end":{"line":156,"column":1}},"157":{"start":{"line":158,"column":0},"end":{"line":158,"column":35}},"158":{"start":{"line":159,"column":0},"end":{"line":159,"column":20}},"159":{"start":{"line":160,"column":0},"end":{"line":160,"column":26}},"160":{"start":{"line":161,"column":0},"end":{"line":161,"column":18}},"161":{"start":{"line":162,"column":0},"end":{"line":162,"column":31}},"162":{"start":{"line":163,"column":0},"end":{"line":163,"column":33}},"163":{"start":{"line":164,"column":0},"end":{"line":164,"column":32}},"164":{"start":{"line":165,"column":0},"end":{"line":165,"column":45}},"165":{"start":{"line":166,"column":0},"end":{"line":166,"column":42}},"166":{"start":{"line":167,"column":0},"end":{"line":167,"column":45}},"167":{"start":{"line":168,"column":0},"end":{"line":168,"column":40}},"168":{"start":{"line":169,"column":0},"end":{"line":169,"column":3}},"170":{"start":{"line":171,"column":0},"end":{"line":171,"column":51}},"171":{"start":{"line":172,"column":0},"end":{"line":172,"column":18}},"172":{"start":{"line":173,"column":0},"end":{"line":173,"column":105}},"173":{"start":{"line":174,"column":0},"end":{"line":174,"column":50}},"174":{"start":{"line":175,"column":0},"end":{"line":175,"column":3}},"176":{"start":{"line":177,"column":0},"end":{"line":177,"column":83}},"177":{"start":{"line":178,"column":0},"end":{"line":178,"column":19}},"178":{"start":{"line":179,"column":0},"end":{"line":179,"column":17}},"179":{"start":{"line":180,"column":0},"end":{"line":180,"column":16}},"181":{"start":{"line":182,"column":0},"end":{"line":182,"column":41}},"182":{"start":{"line":183,"column":0},"end":{"line":183,"column":59}},"183":{"start":{"line":184,"column":0},"end":{"line":184,"column":15}},"184":{"start":{"line":185,"column":0},"end":{"line":185,"column":14}},"185":{"start":{"line":186,"column":0},"end":{"line":186,"column":5}},"187":{"start":{"line":188,"column":0},"end":{"line":188,"column":65}},"188":{"start":{"line":189,"column":0},"end":{"line":189,"column":55}},"190":{"start":{"line":191,"column":0},"end":{"line":191,"column":34}},"191":{"start":{"line":192,"column":0},"end":{"line":192,"column":38}},"193":{"start":{"line":194,"column":0},"end":{"line":194,"column":9}},"194":{"start":{"line":195,"column":0},"end":{"line":195,"column":54}},"195":{"start":{"line":196,"column":0},"end":{"line":196,"column":51}},"196":{"start":{"line":197,"column":0},"end":{"line":197,"column":16}},"197":{"start":{"line":198,"column":0},"end":{"line":198,"column":106}},"198":{"start":{"line":199,"column":0},"end":{"line":199,"column":44}},"199":{"start":{"line":200,"column":0},"end":{"line":200,"column":28}},"200":{"start":{"line":201,"column":0},"end":{"line":201,"column":109}},"201":{"start":{"line":202,"column":0},"end":{"line":202,"column":7}},"203":{"start":{"line":204,"column":0},"end":{"line":204,"column":59}},"205":{"start":{"line":206,"column":0},"end":{"line":206,"column":34}},"206":{"start":{"line":207,"column":0},"end":{"line":207,"column":70}},"207":{"start":{"line":208,"column":0},"end":{"line":208,"column":19}},"208":{"start":{"line":209,"column":0},"end":{"line":209,"column":14}},"209":{"start":{"line":210,"column":0},"end":{"line":210,"column":86}},"210":{"start":{"line":211,"column":0},"end":{"line":211,"column":16}},"211":{"start":{"line":212,"column":0},"end":{"line":212,"column":7}},"212":{"start":{"line":213,"column":0},"end":{"line":213,"column":19}},"213":{"start":{"line":214,"column":0},"end":{"line":214,"column":66}},"214":{"start":{"line":215,"column":0},"end":{"line":215,"column":84}},"215":{"start":{"line":216,"column":0},"end":{"line":216,"column":14}},"216":{"start":{"line":217,"column":0},"end":{"line":217,"column":15}},"217":{"start":{"line":218,"column":0},"end":{"line":218,"column":45}},"218":{"start":{"line":219,"column":0},"end":{"line":219,"column":64}},"219":{"start":{"line":220,"column":0},"end":{"line":220,"column":7}},"220":{"start":{"line":221,"column":0},"end":{"line":221,"column":5}},"221":{"start":{"line":222,"column":0},"end":{"line":222,"column":3}},"223":{"start":{"line":224,"column":0},"end":{"line":224,"column":95}},"224":{"start":{"line":225,"column":0},"end":{"line":225,"column":39}},"225":{"start":{"line":226,"column":0},"end":{"line":226,"column":1}}},"s":{"0":1,"33":1,"35":1,"36":1,"37":1,"39":1,"40":1,"41":1,"43":4,"44":4,"45":4,"46":4,"48":4,"49":4,"50":4,"52":1,"53":1,"54":0,"55":1,"57":1,"58":1,"59":1,"60":1,"62":1,"63":2,"64":2,"65":1,"66":1,"68":0,"69":0,"70":0,"71":0,"73":0,"74":0,"75":0,"76":0,"77":0,"78":0,"79":0,"80":0,"81":0,"83":0,"84":0,"85":0,"86":0,"88":0,"90":0,"91":0,"92":0,"94":0,"96":0,"97":0,"98":0,"99":0,"101":1,"102":3,"103":3,"104":3,"105":1,"106":1,"108":2,"109":3,"110":1,"111":1,"113":1,"114":1,"115":1,"117":1,"118":1,"120":3,"121":3,"122":3,"124":3,"125":2,"126":2,"127":2,"128":2,"129":2,"130":2,"131":3,"132":1,"133":1,"134":3,"136":1,"137":1,"138":1,"139":1,"140":1,"141":1,"142":1,"143":1,"145":0,"146":0,"147":0,"148":0,"149":0,"150":0,"151":0,"152":0,"153":0,"154":0,"155":0,"157":1,"158":1,"159":1,"160":1,"161":1,"162":1,"163":1,"164":1,"165":1,"166":1,"167":0,"168":0,"170":1,"171":1,"172":1,"173":1,"174":1,"176":0,"177":0,"178":0,"179":0,"181":0,"182":0,"183":0,"184":0,"185":0,"187":0,"188":0,"190":0,"191":0,"193":0,"194":0,"195":0,"196":0,"197":0,"198":0,"199":0,"200":0,"201":0,"203":0,"205":0,"206":0,"207":0,"208":0,"209":0,"210":0,"211":0,"212":0,"213":0,"214":0,"215":0,"216":0,"217":0,"218":0,"219":0,"220":0,"221":0,"223":0,"224":0,"225":0},"branchMap":{"0":{"type":"branch","line":36,"loc":{"start":{"line":36,"column":0},"end":{"line":38,"column":1}},"locations":[{"start":{"line":36,"column":0},"end":{"line":38,"column":1}}]},"1":{"type":"branch","line":40,"loc":{"start":{"line":40,"column":0},"end":{"line":42,"column":1}},"locations":[{"start":{"line":40,"column":0},"end":{"line":42,"column":1}}]},"2":{"type":"branch","line":44,"loc":{"start":{"line":44,"column":0},"end":{"line":47,"column":1}},"locations":[{"start":{"line":44,"column":0},"end":{"line":47,"column":1}}]},"3":{"type":"branch","line":46,"loc":{"start":{"line":46,"column":43},"end":{"line":46,"column":64}},"locations":[{"start":{"line":46,"column":43},"end":{"line":46,"column":64}}]},"4":{"type":"branch","line":49,"loc":{"start":{"line":49,"column":0},"end":{"line":51,"column":1}},"locations":[{"start":{"line":49,"column":0},"end":{"line":51,"column":1}}]},"5":{"type":"branch","line":53,"loc":{"start":{"line":53,"column":0},"end":{"line":67,"column":1}},"locations":[{"start":{"line":53,"column":0},"end":{"line":67,"column":1}}]},"6":{"type":"branch","line":54,"loc":{"start":{"line":54,"column":23},"end":{"line":55,"column":45}},"locations":[{"start":{"line":54,"column":23},"end":{"line":55,"column":45}}]},"7":{"type":"branch","line":63,"loc":{"start":{"line":63,"column":30},"end":{"line":65,"column":3}},"locations":[{"start":{"line":63,"column":30},"end":{"line":65,"column":3}}]},"8":{"type":"branch","line":64,"loc":{"start":{"line":64,"column":23},"end":{"line":64,"column":31}},"locations":[{"start":{"line":64,"column":23},"end":{"line":64,"column":31}}]},"9":{"type":"branch","line":102,"loc":{"start":{"line":102,"column":7},"end":{"line":144,"column":1}},"locations":[{"start":{"line":102,"column":7},"end":{"line":144,"column":1}}]},"10":{"type":"branch","line":105,"loc":{"start":{"line":105,"column":44},"end":{"line":107,"column":3}},"locations":[{"start":{"line":105,"column":44},"end":{"line":107,"column":3}}]},"11":{"type":"branch","line":107,"loc":{"start":{"line":107,"column":2},"end":{"line":110,"column":31}},"locations":[{"start":{"line":107,"column":2},"end":{"line":110,"column":31}}]},"12":{"type":"branch","line":110,"loc":{"start":{"line":110,"column":31},"end":{"line":121,"column":36}},"locations":[{"start":{"line":110,"column":31},"end":{"line":121,"column":36}}]},"13":{"type":"branch","line":125,"loc":{"start":{"line":125,"column":34},"end":{"line":125,"column":80}},"locations":[{"start":{"line":125,"column":34},"end":{"line":125,"column":80}}]},"14":{"type":"branch","line":125,"loc":{"start":{"line":125,"column":80},"end":{"line":132,"column":11}},"locations":[{"start":{"line":125,"column":80},"end":{"line":132,"column":11}}]},"15":{"type":"branch","line":132,"loc":{"start":{"line":132,"column":4},"end":{"line":134,"column":5}},"locations":[{"start":{"line":132,"column":4},"end":{"line":134,"column":5}}]},"16":{"type":"branch","line":135,"loc":{"start":{"line":135,"column":2},"end":{"line":144,"column":1}},"locations":[{"start":{"line":135,"column":2},"end":{"line":144,"column":1}}]},"17":{"type":"branch","line":115,"loc":{"start":{"line":115,"column":12},"end":{"line":115,"column":65}},"locations":[{"start":{"line":115,"column":12},"end":{"line":115,"column":65}}]},"18":{"type":"branch","line":115,"loc":{"start":{"line":115,"column":41},"end":{"line":115,"column":65}},"locations":[{"start":{"line":115,"column":41},"end":{"line":115,"column":65}}]},"19":{"type":"branch","line":116,"loc":{"start":{"line":116,"column":9},"end":{"line":116,"column":33}},"locations":[{"start":{"line":116,"column":9},"end":{"line":116,"column":33}}]},"20":{"type":"branch","line":158,"loc":{"start":{"line":158,"column":0},"end":{"line":226,"column":1}},"locations":[{"start":{"line":158,"column":0},"end":{"line":226,"column":1}}]},"21":{"type":"branch","line":167,"loc":{"start":{"line":167,"column":44},"end":{"line":169,"column":3}},"locations":[{"start":{"line":167,"column":44},"end":{"line":169,"column":3}}]},"22":{"type":"branch","line":175,"loc":{"start":{"line":175,"column":2},"end":{"line":226,"column":1}},"locations":[{"start":{"line":175,"column":2},"end":{"line":226,"column":1}}]}},"b":{"0":[1],"1":[1],"2":[4],"3":[3],"4":[4],"5":[1],"6":[0],"7":[2],"8":[0],"9":[3],"10":[1],"11":[2],"12":[1],"13":[2],"14":[2],"15":[1],"16":[1],"17":[5],"18":[4],"19":[3],"20":[1],"21":[0],"22":[0]},"fnMap":{"0":{"name":"nowTs","decl":{"start":{"line":36,"column":0},"end":{"line":38,"column":1}},"loc":{"start":{"line":36,"column":0},"end":{"line":38,"column":1}},"line":36},"1":{"name":"log","decl":{"start":{"line":40,"column":0},"end":{"line":42,"column":1}},"loc":{"start":{"line":40,"column":0},"end":{"line":42,"column":1}},"line":40},"2":{"name":"isChildOf","decl":{"start":{"line":44,"column":0},"end":{"line":47,"column":1}},"loc":{"start":{"line":44,"column":0},"end":{"line":47,"column":1}},"line":44},"3":{"name":"getMusicModsRoot","decl":{"start":{"line":49,"column":0},"end":{"line":51,"column":1}},"loc":{"start":{"line":49,"column":0},"end":{"line":51,"column":1}},"line":49},"4":{"name":"resolveUltimateTexCli","decl":{"start":{"line":53,"column":0},"end":{"line":67,"column":1}},"loc":{"start":{"line":53,"column":0},"end":{"line":67,"column":1}},"line":53},"5":{"name":"tryFixOverMipmapBntx","decl":{"start":{"line":69,"column":0},"end":{"line":100,"column":1}},"loc":{"start":{"line":69,"column":0},"end":{"line":100,"column":1}},"line":69},"6":{"name":"analyzeExtractIcons","decl":{"start":{"line":102,"column":7},"end":{"line":144,"column":1}},"loc":{"start":{"line":102,"column":7},"end":{"line":144,"column":1}},"line":102},"7":{"name":"execFileAsync","decl":{"start":{"line":146,"column":0},"end":{"line":156,"column":1}},"loc":{"start":{"line":146,"column":0},"end":{"line":156,"column":1}},"line":146},"8":{"name":"extractIcons","decl":{"start":{"line":158,"column":0},"end":{"line":226,"column":1}},"loc":{"start":{"line":158,"column":0},"end":{"line":226,"column":1}},"line":158}},"f":{"0":1,"1":1,"2":4,"3":4,"4":1,"5":0,"6":3,"7":0,"8":1}}
,"C:\\Projects\\smash music modding\\UltimateMusicBuilder\\UMB.Desktop\\src\\main\\merge.ts": {"path":"C:\\Projects\\smash music modding\\UltimateMusicBuilder\\UMB.Desktop\\src\\main\\merge.ts","all":false,"statementMap":{"0":{"start":{"line":1,"column":0},"end":{"line":1,"column":8}},"9":{"start":{"line":10,"column":0},"end":{"line":10,"column":33}},"10":{"start":{"line":11,"column":0},"end":{"line":11,"column":31}},"11":{"start":{"line":12,"column":0},"end":{"line":12,"column":45}},"46":{"start":{"line":47,"column":0},"end":{"line":47,"column":26}},"47":{"start":{"line":48,"column":0},"end":{"line":48,"column":66}},"48":{"start":{"line":49,"column":0},"end":{"line":49,"column":1}},"50":{"start":{"line":51,"column":0},"end":{"line":51,"column":65}},"51":{"start":{"line":52,"column":0},"end":{"line":52,"column":47}},"52":{"start":{"line":53,"column":0},"end":{"line":53,"column":1}},"54":{"start":{"line":55,"column":0},"end":{"line":55,"column":68}},"55":{"start":{"line":56,"column":0},"end":{"line":56,"column":45}},"56":{"start":{"line":57,"column":0},"end":{"line":57,"column":64}},"57":{"start":{"line":58,"column":0},"end":{"line":58,"column":1}},"59":{"start":{"line":60,"column":0},"end":{"line":60,"column":54}},"60":{"start":{"line":61,"column":0},"end":{"line":61,"column":48}},"61":{"start":{"line":62,"column":0},"end":{"line":62,"column":1}},"63":{"start":{"line":64,"column":0},"end":{"line":64,"column":84}},"64":{"start":{"line":65,"column":0},"end":{"line":65,"column":45}},"66":{"start":{"line":67,"column":0},"end":{"line":67,"column":53}},"67":{"start":{"line":68,"column":0},"end":{"line":68,"column":34}},"68":{"start":{"line":69,"column":0},"end":{"line":69,"column":73}},"69":{"start":{"line":70,"column":0},"end":{"line":70,"column":92}},"70":{"start":{"line":71,"column":0},"end":{"line":71,"column":3}},"72":{"start":{"line":73,"column":0},"end":{"line":73,"column":54}},"74":{"start":{"line":75,"column":0},"end":{"line":75,"column":59}},"76":{"start":{"line":77,"column":0},"end":{"line":77,"column":40}},"77":{"start":{"line":78,"column":0},"end":{"line":78,"column":37}},"78":{"start":{"line":79,"column":0},"end":{"line":79,"column":9}},"79":{"start":{"line":80,"column":0},"end":{"line":80,"column":49}},"80":{"start":{"line":81,"column":0},"end":{"line":81,"column":43}},"81":{"start":{"line":82,"column":0},"end":{"line":82,"column":46}},"82":{"start":{"line":83,"column":0},"end":{"line":83,"column":56}},"83":{"start":{"line":84,"column":0},"end":{"line":84,"column":63}},"85":{"start":{"line":86,"column":0},"end":{"line":86,"column":52}},"86":{"start":{"line":87,"column":0},"end":{"line":87,"column":74}},"87":{"start":{"line":88,"column":0},"end":{"line":88,"column":7}},"88":{"start":{"line":89,"column":0},"end":{"line":89,"column":42}},"89":{"start":{"line":90,"column":0},"end":{"line":90,"column":3}},"91":{"start":{"line":92,"column":0},"end":{"line":92,"column":42}},"92":{"start":{"line":93,"column":0},"end":{"line":93,"column":79}},"93":{"start":{"line":94,"column":0},"end":{"line":94,"column":50}},"95":{"start":{"line":96,"column":0},"end":{"line":96,"column":43}},"96":{"start":{"line":97,"column":0},"end":{"line":97,"column":38}},"97":{"start":{"line":98,"column":0},"end":{"line":98,"column":80}},"99":{"start":{"line":100,"column":0},"end":{"line":100,"column":10}},"100":{"start":{"line":101,"column":0},"end":{"line":101,"column":13}},"101":{"start":{"line":102,"column":0},"end":{"line":102,"column":28}},"102":{"start":{"line":103,"column":0},"end":{"line":103,"column":11}},"103":{"start":{"line":104,"column":0},"end":{"line":104,"column":14}},"104":{"start":{"line":105,"column":0},"end":{"line":105,"column":30}},"105":{"start":{"line":106,"column":0},"end":{"line":106,"column":3}},"106":{"start":{"line":107,"column":0},"end":{"line":107,"column":1}},"108":{"start":{"line":109,"column":0},"end":{"line":109,"column":84}},"109":{"start":{"line":110,"column":0},"end":{"line":110,"column":59}},"110":{"start":{"line":111,"column":0},"end":{"line":111,"column":29}},"111":{"start":{"line":112,"column":0},"end":{"line":112,"column":78}},"113":{"start":{"line":114,"column":0},"end":{"line":114,"column":45}},"114":{"start":{"line":115,"column":0},"end":{"line":115,"column":87}},"116":{"start":{"line":117,"column":0},"end":{"line":117,"column":13}},"117":{"start":{"line":118,"column":0},"end":{"line":118,"column":1}},"119":{"start":{"line":120,"column":0},"end":{"line":120,"column":35}},"120":{"start":{"line":121,"column":0},"end":{"line":121,"column":20}},"121":{"start":{"line":122,"column":0},"end":{"line":122,"column":21}},"122":{"start":{"line":123,"column":0},"end":{"line":123,"column":21}},"123":{"start":{"line":124,"column":0},"end":{"line":124,"column":33}},"124":{"start":{"line":125,"column":0},"end":{"line":125,"column":33}},"125":{"start":{"line":126,"column":0},"end":{"line":126,"column":25}},"126":{"start":{"line":127,"column":0},"end":{"line":127,"column":61}},"127":{"start":{"line":128,"column":0},"end":{"line":128,"column":43}},"129":{"start":{"line":130,"column":0},"end":{"line":130,"column":52}},"130":{"start":{"line":131,"column":0},"end":{"line":131,"column":35}},"131":{"start":{"line":132,"column":0},"end":{"line":132,"column":68}},"132":{"start":{"line":133,"column":0},"end":{"line":133,"column":3}},"134":{"start":{"line":135,"column":0},"end":{"line":135,"column":45}},"135":{"start":{"line":136,"column":0},"end":{"line":136,"column":52}},"136":{"start":{"line":137,"column":0},"end":{"line":137,"column":43}},"138":{"start":{"line":139,"column":0},"end":{"line":139,"column":21}},"139":{"start":{"line":140,"column":0},"end":{"line":140,"column":21}},"140":{"start":{"line":141,"column":0},"end":{"line":141,"column":27}},"142":{"start":{"line":143,"column":0},"end":{"line":143,"column":64}},"143":{"start":{"line":144,"column":0},"end":{"line":144,"column":55}},"144":{"start":{"line":145,"column":0},"end":{"line":145,"column":51}},"146":{"start":{"line":147,"column":0},"end":{"line":147,"column":31}},"147":{"start":{"line":148,"column":0},"end":{"line":148,"column":62}},"148":{"start":{"line":149,"column":0},"end":{"line":149,"column":76}},"149":{"start":{"line":150,"column":0},"end":{"line":150,"column":31}},"150":{"start":{"line":151,"column":0},"end":{"line":151,"column":108}},"151":{"start":{"line":152,"column":0},"end":{"line":152,"column":12}},"152":{"start":{"line":153,"column":0},"end":{"line":153,"column":33}},"153":{"start":{"line":154,"column":0},"end":{"line":154,"column":25}},"154":{"start":{"line":155,"column":0},"end":{"line":155,"column":82}},"155":{"start":{"line":156,"column":0},"end":{"line":156,"column":81}},"156":{"start":{"line":157,"column":0},"end":{"line":157,"column":18}},"157":{"start":{"line":158,"column":0},"end":{"line":158,"column":10}},"158":{"start":{"line":159,"column":0},"end":{"line":159,"column":31}},"160":{"start":{"line":161,"column":0},"end":{"line":161,"column":93}},"161":{"start":{"line":162,"column":0},"end":{"line":162,"column":31}},"162":{"start":{"line":163,"column":0},"end":{"line":163,"column":25}},"163":{"start":{"line":164,"column":0},"end":{"line":164,"column":109}},"164":{"start":{"line":165,"column":0},"end":{"line":165,"column":5}},"166":{"start":{"line":167,"column":0},"end":{"line":167,"column":17}},"167":{"start":{"line":168,"column":0},"end":{"line":168,"column":3}},"169":{"start":{"line":170,"column":0},"end":{"line":170,"column":23}},"170":{"start":{"line":171,"column":0},"end":{"line":171,"column":22}},"171":{"start":{"line":172,"column":0},"end":{"line":172,"column":54}},"172":{"start":{"line":173,"column":0},"end":{"line":173,"column":14}},"173":{"start":{"line":174,"column":0},"end":{"line":174,"column":10}},"174":{"start":{"line":175,"column":0},"end":{"line":175,"column":3}},"176":{"start":{"line":177,"column":0},"end":{"line":177,"column":85}},"178":{"start":{"line":179,"column":0},"end":{"line":179,"column":110}},"179":{"start":{"line":180,"column":0},"end":{"line":180,"column":1}},"181":{"start":{"line":182,"column":0},"end":{"line":182,"column":71}},"182":{"start":{"line":183,"column":0},"end":{"line":183,"column":46}},"183":{"start":{"line":184,"column":0},"end":{"line":184,"column":41}},"184":{"start":{"line":185,"column":0},"end":{"line":185,"column":37}},"185":{"start":{"line":186,"column":0},"end":{"line":186,"column":50}},"186":{"start":{"line":187,"column":0},"end":{"line":187,"column":5}},"187":{"start":{"line":188,"column":0},"end":{"line":188,"column":3}},"188":{"start":{"line":189,"column":0},"end":{"line":189,"column":1}},"190":{"start":{"line":191,"column":0},"end":{"line":191,"column":52}},"191":{"start":{"line":192,"column":0},"end":{"line":192,"column":36}},"192":{"start":{"line":193,"column":0},"end":{"line":193,"column":94}},"193":{"start":{"line":194,"column":0},"end":{"line":194,"column":38}},"194":{"start":{"line":195,"column":0},"end":{"line":195,"column":1}},"203":{"start":{"line":204,"column":0},"end":{"line":204,"column":67}},"204":{"start":{"line":205,"column":0},"end":{"line":205,"column":7}},"205":{"start":{"line":206,"column":0},"end":{"line":206,"column":58}},"207":{"start":{"line":208,"column":0},"end":{"line":208,"column":67}},"208":{"start":{"line":209,"column":0},"end":{"line":209,"column":96}},"209":{"start":{"line":210,"column":0},"end":{"line":210,"column":108}},"210":{"start":{"line":211,"column":0},"end":{"line":211,"column":98}},"212":{"start":{"line":213,"column":0},"end":{"line":213,"column":57}},"213":{"start":{"line":214,"column":0},"end":{"line":214,"column":11}},"214":{"start":{"line":215,"column":0},"end":{"line":215,"column":15}},"215":{"start":{"line":216,"column":0},"end":{"line":216,"column":3}},"216":{"start":{"line":217,"column":0},"end":{"line":217,"column":1}},"218":{"start":{"line":219,"column":0},"end":{"line":219,"column":44}},"219":{"start":{"line":220,"column":0},"end":{"line":220,"column":66}},"220":{"start":{"line":221,"column":0},"end":{"line":221,"column":1}},"222":{"start":{"line":223,"column":0},"end":{"line":223,"column":51}},"223":{"start":{"line":224,"column":0},"end":{"line":224,"column":58}},"224":{"start":{"line":225,"column":0},"end":{"line":225,"column":29}},"225":{"start":{"line":226,"column":0},"end":{"line":226,"column":48}},"226":{"start":{"line":227,"column":0},"end":{"line":227,"column":77}},"227":{"start":{"line":228,"column":0},"end":{"line":228,"column":47}},"228":{"start":{"line":229,"column":0},"end":{"line":229,"column":3}},"229":{"start":{"line":230,"column":0},"end":{"line":230,"column":22}},"230":{"start":{"line":231,"column":0},"end":{"line":231,"column":1}},"232":{"start":{"line":233,"column":0},"end":{"line":233,"column":31}},"233":{"start":{"line":234,"column":0},"end":{"line":234,"column":20}},"234":{"start":{"line":235,"column":0},"end":{"line":235,"column":42}},"235":{"start":{"line":236,"column":0},"end":{"line":236,"column":40}},"236":{"start":{"line":237,"column":0},"end":{"line":237,"column":65}},"237":{"start":{"line":238,"column":0},"end":{"line":238,"column":50}},"238":{"start":{"line":239,"column":0},"end":{"line":239,"column":9}},"239":{"start":{"line":240,"column":0},"end":{"line":240,"column":28}},"240":{"start":{"line":241,"column":0},"end":{"line":241,"column":24}},"241":{"start":{"line":242,"column":0},"end":{"line":242,"column":72}},"242":{"start":{"line":243,"column":0},"end":{"line":243,"column":76}},"243":{"start":{"line":244,"column":0},"end":{"line":244,"column":77}},"244":{"start":{"line":245,"column":0},"end":{"line":245,"column":56}},"245":{"start":{"line":246,"column":0},"end":{"line":246,"column":93}},"246":{"start":{"line":247,"column":0},"end":{"line":247,"column":58}},"247":{"start":{"line":248,"column":0},"end":{"line":248,"column":93}},"248":{"start":{"line":249,"column":0},"end":{"line":249,"column":16}},"250":{"start":{"line":251,"column":0},"end":{"line":251,"column":26}},"251":{"start":{"line":252,"column":0},"end":{"line":252,"column":27}},"252":{"start":{"line":253,"column":0},"end":{"line":253,"column":44}},"253":{"start":{"line":254,"column":0},"end":{"line":254,"column":48}},"254":{"start":{"line":255,"column":0},"end":{"line":255,"column":18}},"255":{"start":{"line":256,"column":0},"end":{"line":256,"column":3}},"257":{"start":{"line":258,"column":0},"end":{"line":258,"column":30}},"258":{"start":{"line":259,"column":0},"end":{"line":259,"column":31}},"259":{"start":{"line":260,"column":0},"end":{"line":260,"column":44}},"260":{"start":{"line":261,"column":0},"end":{"line":261,"column":44}},"261":{"start":{"line":262,"column":0},"end":{"line":262,"column":41}},"262":{"start":{"line":263,"column":0},"end":{"line":263,"column":18}},"263":{"start":{"line":264,"column":0},"end":{"line":264,"column":3}},"265":{"start":{"line":266,"column":0},"end":{"line":266,"column":25}},"266":{"start":{"line":267,"column":0},"end":{"line":267,"column":38}},"267":{"start":{"line":268,"column":0},"end":{"line":268,"column":104}},"268":{"start":{"line":269,"column":0},"end":{"line":269,"column":110}},"269":{"start":{"line":270,"column":0},"end":{"line":270,"column":119}},"270":{"start":{"line":271,"column":0},"end":{"line":271,"column":102}},"271":{"start":{"line":272,"column":0},"end":{"line":272,"column":61}},"272":{"start":{"line":273,"column":0},"end":{"line":273,"column":18}},"273":{"start":{"line":274,"column":0},"end":{"line":274,"column":3}},"275":{"start":{"line":276,"column":0},"end":{"line":276,"column":63}},"276":{"start":{"line":277,"column":0},"end":{"line":277,"column":1}},"291":{"start":{"line":292,"column":0},"end":{"line":292,"column":53}},"292":{"start":{"line":293,"column":0},"end":{"line":293,"column":37}},"293":{"start":{"line":294,"column":0},"end":{"line":294,"column":7}},"294":{"start":{"line":295,"column":0},"end":{"line":295,"column":50}},"295":{"start":{"line":296,"column":0},"end":{"line":296,"column":30}},"296":{"start":{"line":297,"column":0},"end":{"line":297,"column":20}},"297":{"start":{"line":298,"column":0},"end":{"line":298,"column":29}},"298":{"start":{"line":299,"column":0},"end":{"line":299,"column":17}},"299":{"start":{"line":300,"column":0},"end":{"line":300,"column":30}},"300":{"start":{"line":301,"column":0},"end":{"line":301,"column":20}},"301":{"start":{"line":302,"column":0},"end":{"line":302,"column":11}},"302":{"start":{"line":303,"column":0},"end":{"line":303,"column":13}},"303":{"start":{"line":304,"column":0},"end":{"line":304,"column":3}},"304":{"start":{"line":305,"column":0},"end":{"line":305,"column":1}},"306":{"start":{"line":307,"column":0},"end":{"line":307,"column":70}},"307":{"start":{"line":308,"column":0},"end":{"line":308,"column":19}},"308":{"start":{"line":309,"column":0},"end":{"line":309,"column":55}},"309":{"start":{"line":310,"column":0},"end":{"line":310,"column":81}},"310":{"start":{"line":311,"column":0},"end":{"line":311,"column":3}},"311":{"start":{"line":312,"column":0},"end":{"line":312,"column":38}},"312":{"start":{"line":313,"column":0},"end":{"line":313,"column":31}},"313":{"start":{"line":314,"column":0},"end":{"line":314,"column":23}},"314":{"start":{"line":315,"column":0},"end":{"line":315,"column":25}},"315":{"start":{"line":316,"column":0},"end":{"line":316,"column":27}},"316":{"start":{"line":317,"column":0},"end":{"line":317,"column":33}},"317":{"start":{"line":318,"column":0},"end":{"line":318,"column":45}},"318":{"start":{"line":319,"column":0},"end":{"line":319,"column":47}},"319":{"start":{"line":320,"column":0},"end":{"line":320,"column":28}},"320":{"start":{"line":321,"column":0},"end":{"line":321,"column":25}},"321":{"start":{"line":322,"column":0},"end":{"line":322,"column":43}},"322":{"start":{"line":323,"column":0},"end":{"line":323,"column":20}},"323":{"start":{"line":324,"column":0},"end":{"line":324,"column":5}},"325":{"start":{"line":326,"column":0},"end":{"line":326,"column":71}},"326":{"start":{"line":327,"column":0},"end":{"line":327,"column":52}},"327":{"start":{"line":328,"column":0},"end":{"line":328,"column":1}},"329":{"start":{"line":330,"column":0},"end":{"line":330,"column":28}},"330":{"start":{"line":331,"column":0},"end":{"line":331,"column":30}},"331":{"start":{"line":332,"column":0},"end":{"line":332,"column":20}},"332":{"start":{"line":333,"column":0},"end":{"line":333,"column":21}},"333":{"start":{"line":334,"column":0},"end":{"line":334,"column":33}},"334":{"start":{"line":335,"column":0},"end":{"line":335,"column":11}},"335":{"start":{"line":336,"column":0},"end":{"line":336,"column":50}},"336":{"start":{"line":337,"column":0},"end":{"line":337,"column":56}},"337":{"start":{"line":338,"column":0},"end":{"line":338,"column":81}},"339":{"start":{"line":340,"column":0},"end":{"line":340,"column":43}},"340":{"start":{"line":341,"column":0},"end":{"line":341,"column":46}},"341":{"start":{"line":342,"column":0},"end":{"line":342,"column":44}},"342":{"start":{"line":343,"column":0},"end":{"line":343,"column":18}},"343":{"start":{"line":344,"column":0},"end":{"line":344,"column":67}},"344":{"start":{"line":345,"column":0},"end":{"line":345,"column":14}},"345":{"start":{"line":346,"column":0},"end":{"line":346,"column":5}},"347":{"start":{"line":348,"column":0},"end":{"line":348,"column":48}},"349":{"start":{"line":350,"column":0},"end":{"line":350,"column":35}},"350":{"start":{"line":351,"column":0},"end":{"line":351,"column":38}},"351":{"start":{"line":352,"column":0},"end":{"line":352,"column":84}},"352":{"start":{"line":353,"column":0},"end":{"line":353,"column":63}},"353":{"start":{"line":354,"column":0},"end":{"line":354,"column":7}},"354":{"start":{"line":355,"column":0},"end":{"line":355,"column":5}},"356":{"start":{"line":357,"column":0},"end":{"line":357,"column":39}},"357":{"start":{"line":358,"column":0},"end":{"line":358,"column":38}},"358":{"start":{"line":359,"column":0},"end":{"line":359,"column":88}},"359":{"start":{"line":360,"column":0},"end":{"line":360,"column":97}},"360":{"start":{"line":361,"column":0},"end":{"line":361,"column":7}},"361":{"start":{"line":362,"column":0},"end":{"line":362,"column":5}},"362":{"start":{"line":363,"column":0},"end":{"line":363,"column":3}},"364":{"start":{"line":365,"column":0},"end":{"line":365,"column":24}},"365":{"start":{"line":366,"column":0},"end":{"line":366,"column":82}},"366":{"start":{"line":367,"column":0},"end":{"line":367,"column":12}},"367":{"start":{"line":368,"column":0},"end":{"line":368,"column":3}},"369":{"start":{"line":370,"column":0},"end":{"line":370,"column":120}},"372":{"start":{"line":373,"column":0},"end":{"line":373,"column":34}},"373":{"start":{"line":374,"column":0},"end":{"line":374,"column":41}},"375":{"start":{"line":376,"column":0},"end":{"line":376,"column":43}},"376":{"start":{"line":377,"column":0},"end":{"line":377,"column":58}},"377":{"start":{"line":378,"column":0},"end":{"line":378,"column":33}},"378":{"start":{"line":379,"column":0},"end":{"line":379,"column":54}},"379":{"start":{"line":380,"column":0},"end":{"line":380,"column":43}},"380":{"start":{"line":381,"column":0},"end":{"line":381,"column":30}},"381":{"start":{"line":382,"column":0},"end":{"line":382,"column":29}},"382":{"start":{"line":383,"column":0},"end":{"line":383,"column":7}},"383":{"start":{"line":384,"column":0},"end":{"line":384,"column":5}},"384":{"start":{"line":385,"column":0},"end":{"line":385,"column":3}},"386":{"start":{"line":387,"column":0},"end":{"line":387,"column":38}},"389":{"start":{"line":390,"column":0},"end":{"line":390,"column":39}},"390":{"start":{"line":391,"column":0},"end":{"line":391,"column":43}},"391":{"start":{"line":392,"column":0},"end":{"line":392,"column":45}},"392":{"start":{"line":393,"column":0},"end":{"line":393,"column":38}},"393":{"start":{"line":394,"column":0},"end":{"line":394,"column":65}},"394":{"start":{"line":395,"column":0},"end":{"line":395,"column":42}},"396":{"start":{"line":397,"column":0},"end":{"line":397,"column":40}},"397":{"start":{"line":398,"column":0},"end":{"line":398,"column":39}},"398":{"start":{"line":399,"column":0},"end":{"line":399,"column":30}},"399":{"start":{"line":400,"column":0},"end":{"line":400,"column":52}},"400":{"start":{"line":401,"column":0},"end":{"line":401,"column":7}},"401":{"start":{"line":402,"column":0},"end":{"line":402,"column":5}},"402":{"start":{"line":403,"column":0},"end":{"line":403,"column":3}},"404":{"start":{"line":405,"column":0},"end":{"line":405,"column":25}},"405":{"start":{"line":406,"column":0},"end":{"line":406,"column":1}},"407":{"start":{"line":408,"column":0},"end":{"line":408,"column":30}},"408":{"start":{"line":409,"column":0},"end":{"line":409,"column":21}},"409":{"start":{"line":410,"column":0},"end":{"line":410,"column":33}},"410":{"start":{"line":411,"column":0},"end":{"line":411,"column":20}},"411":{"start":{"line":412,"column":0},"end":{"line":412,"column":33}},"412":{"start":{"line":413,"column":0},"end":{"line":413,"column":9}},"413":{"start":{"line":414,"column":0},"end":{"line":414,"column":37}},"414":{"start":{"line":415,"column":0},"end":{"line":415,"column":36}},"415":{"start":{"line":416,"column":0},"end":{"line":416,"column":44}},"416":{"start":{"line":417,"column":0},"end":{"line":417,"column":43}},"417":{"start":{"line":418,"column":0},"end":{"line":418,"column":16}},"418":{"start":{"line":419,"column":0},"end":{"line":419,"column":8}},"419":{"start":{"line":420,"column":0},"end":{"line":420,"column":14}},"421":{"start":{"line":422,"column":0},"end":{"line":422,"column":34}},"422":{"start":{"line":423,"column":0},"end":{"line":423,"column":32}},"424":{"start":{"line":425,"column":0},"end":{"line":425,"column":37}},"425":{"start":{"line":426,"column":0},"end":{"line":426,"column":53}},"426":{"start":{"line":427,"column":0},"end":{"line":427,"column":40}},"428":{"start":{"line":429,"column":0},"end":{"line":429,"column":9}},"429":{"start":{"line":430,"column":0},"end":{"line":430,"column":61}},"430":{"start":{"line":431,"column":0},"end":{"line":431,"column":32}},"431":{"start":{"line":432,"column":0},"end":{"line":432,"column":33}},"432":{"start":{"line":433,"column":0},"end":{"line":433,"column":35}},"433":{"start":{"line":434,"column":0},"end":{"line":434,"column":32}},"434":{"start":{"line":435,"column":0},"end":{"line":435,"column":48}},"435":{"start":{"line":436,"column":0},"end":{"line":436,"column":37}},"436":{"start":{"line":437,"column":0},"end":{"line":437,"column":31}},"437":{"start":{"line":438,"column":0},"end":{"line":438,"column":11}},"438":{"start":{"line":439,"column":0},"end":{"line":439,"column":9}},"439":{"start":{"line":440,"column":0},"end":{"line":440,"column":7}},"440":{"start":{"line":441,"column":0},"end":{"line":441,"column":17}},"441":{"start":{"line":442,"column":0},"end":{"line":442,"column":68}},"442":{"start":{"line":443,"column":0},"end":{"line":443,"column":5}},"443":{"start":{"line":444,"column":0},"end":{"line":444,"column":3}},"445":{"start":{"line":446,"column":0},"end":{"line":446,"column":38}},"447":{"start":{"line":448,"column":0},"end":{"line":448,"column":27}},"448":{"start":{"line":449,"column":0},"end":{"line":449,"column":36}},"449":{"start":{"line":450,"column":0},"end":{"line":450,"column":67}},"450":{"start":{"line":451,"column":0},"end":{"line":451,"column":58}},"451":{"start":{"line":452,"column":0},"end":{"line":452,"column":15}},"452":{"start":{"line":453,"column":0},"end":{"line":453,"column":3}},"453":{"start":{"line":454,"column":0},"end":{"line":454,"column":33}},"454":{"start":{"line":455,"column":0},"end":{"line":455,"column":42}},"455":{"start":{"line":456,"column":0},"end":{"line":456,"column":3}},"456":{"start":{"line":457,"column":0},"end":{"line":457,"column":17}},"457":{"start":{"line":458,"column":0},"end":{"line":458,"column":16}},"459":{"start":{"line":460,"column":0},"end":{"line":460,"column":69}},"460":{"start":{"line":461,"column":0},"end":{"line":461,"column":84}},"461":{"start":{"line":462,"column":0},"end":{"line":462,"column":1}}},"s":{"0":1,"9":1,"10":1,"11":1,"46":8,"47":8,"48":8,"50":8,"51":8,"52":8,"54":12,"55":12,"56":12,"57":12,"59":17,"60":17,"61":17,"63":1,"64":8,"66":8,"67":8,"68":12,"69":12,"70":12,"72":6,"74":6,"76":8,"77":10,"78":10,"79":10,"80":14,"81":13,"82":13,"83":11,"85":14,"86":10,"87":10,"88":10,"89":10,"91":6,"92":6,"93":6,"95":6,"96":6,"97":6,"99":6,"100":6,"101":6,"102":6,"103":6,"104":6,"105":6,"106":6,"108":1,"109":11,"110":9,"111":11,"113":6,"114":11,"116":5,"117":5,"119":5,"120":5,"121":5,"122":5,"123":5,"124":5,"125":5,"126":5,"127":5,"129":4,"130":5,"131":1,"132":1,"134":3,"135":3,"136":3,"138":3,"139":3,"140":3,"142":5,"143":4,"144":4,"146":4,"147":3,"148":3,"149":3,"150":3,"151":4,"152":1,"153":1,"154":1,"155":1,"156":0,"157":1,"158":1,"160":1,"161":1,"162":1,"163":1,"164":1,"166":4,"167":4,"169":3,"170":3,"171":5,"172":5,"173":5,"174":5,"176":5,"178":5,"179":5,"181":3,"182":3,"183":8,"184":8,"185":8,"186":8,"187":8,"188":3,"190":3,"191":3,"192":3,"193":3,"194":3,"203":2,"204":2,"205":2,"207":2,"208":2,"209":2,"210":2,"212":2,"213":2,"214":0,"215":0,"216":2,"218":11,"219":11,"220":11,"222":2,"223":2,"224":0,"225":0,"226":0,"227":0,"228":0,"229":0,"230":0,"232":1,"233":1,"234":1,"235":1,"236":1,"237":1,"238":1,"239":1,"240":1,"241":1,"242":1,"243":1,"244":1,"245":1,"246":1,"247":1,"248":1,"250":1,"251":2,"252":2,"253":2,"254":2,"255":2,"257":1,"258":2,"259":2,"260":2,"261":2,"262":2,"263":2,"265":1,"266":0,"267":0,"268":0,"269":0,"270":0,"271":0,"272":0,"273":0,"275":1,"276":1,"291":2,"292":2,"293":2,"294":2,"295":2,"296":2,"297":2,"298":2,"299":2,"300":2,"301":2,"302":0,"303":0,"304":2,"306":1,"307":1,"308":1,"309":1,"310":1,"311":1,"312":2,"313":2,"314":2,"315":2,"316":2,"317":2,"318":2,"319":2,"320":2,"321":2,"322":2,"323":1,"325":1,"326":1,"327":1,"329":1,"330":1,"331":1,"332":1,"333":1,"334":1,"335":1,"336":1,"337":1,"339":1,"340":2,"341":2,"342":2,"343":0,"344":0,"345":0,"347":2,"349":2,"350":2,"351":2,"352":2,"353":2,"354":2,"356":2,"357":3,"358":3,"359":2,"360":2,"361":3,"362":2,"364":1,"365":0,"366":0,"367":0,"369":1,"372":1,"373":1,"375":1,"376":2,"377":2,"378":3,"379":3,"380":2,"381":2,"382":2,"383":3,"384":2,"386":1,"389":1,"390":1,"391":2,"392":7,"393":7,"394":3,"396":2,"397":2,"398":2,"399":2,"400":2,"401":7,"402":2,"404":1,"405":1,"407":3,"408":3,"409":3,"410":3,"411":3,"412":3,"413":3,"414":2,"415":2,"416":2,"417":0,"418":2,"419":1,"421":3,"422":3,"424":3,"425":5,"426":5,"428":2,"429":2,"430":2,"431":2,"432":2,"433":4,"434":4,"435":3,"436":3,"437":3,"438":4,"439":2,"440":5,"441":0,"442":0,"443":5,"445":3,"447":1,"448":1,"449":1,"450":1,"451":1,"452":1,"453":3,"454":3,"455":3,"456":1,"457":1,"459":1,"460":1,"461":1},"branchMap":{"0":{"type":"branch","line":47,"loc":{"start":{"line":47,"column":0},"end":{"line":49,"column":1}},"locations":[{"start":{"line":47,"column":0},"end":{"line":49,"column":1}}]},"1":{"type":"branch","line":51,"loc":{"start":{"line":51,"column":0},"end":{"line":53,"column":1}},"locations":[{"start":{"line":51,"column":0},"end":{"line":53,"column":1}}]},"2":{"type":"branch","line":55,"loc":{"start":{"line":55,"column":0},"end":{"line":58,"column":1}},"locations":[{"start":{"line":55,"column":0},"end":{"line":58,"column":1}}]},"3":{"type":"branch","line":57,"loc":{"start":{"line":57,"column":43},"end":{"line":57,"column":64}},"locations":[{"start":{"line":57,"column":43},"end":{"line":57,"column":64}}]},"4":{"type":"branch","line":60,"loc":{"start":{"line":60,"column":0},"end":{"line":62,"column":1}},"locations":[{"start":{"line":60,"column":0},"end":{"line":62,"column":1}}]},"5":{"type":"branch","line":64,"loc":{"start":{"line":64,"column":7},"end":{"line":107,"column":1}},"locations":[{"start":{"line":64,"column":7},"end":{"line":107,"column":1}}]},"6":{"type":"branch","line":68,"loc":{"start":{"line":68,"column":33},"end":{"line":71,"column":3}},"locations":[{"start":{"line":68,"column":33},"end":{"line":71,"column":3}}]},"7":{"type":"branch","line":69,"loc":{"start":{"line":69,"column":32},"end":{"line":69,"column":73}},"locations":[{"start":{"line":69,"column":32},"end":{"line":69,"column":73}}]},"8":{"type":"branch","line":69,"loc":{"start":{"line":69,"column":72},"end":{"line":70,"column":26}},"locations":[{"start":{"line":69,"column":72},"end":{"line":70,"column":26}}]},"9":{"type":"branch","line":70,"loc":{"start":{"line":70,"column":21},"end":{"line":70,"column":54}},"locations":[{"start":{"line":70,"column":21},"end":{"line":70,"column":54}}]},"10":{"type":"branch","line":70,"loc":{"start":{"line":70,"column":54},"end":{"line":70,"column":92}},"locations":[{"start":{"line":70,"column":54},"end":{"line":70,"column":92}}]},"11":{"type":"branch","line":71,"loc":{"start":{"line":71,"column":2},"end":{"line":77,"column":39}},"locations":[{"start":{"line":71,"column":2},"end":{"line":77,"column":39}}]},"12":{"type":"branch","line":77,"loc":{"start":{"line":77,"column":39},"end":{"line":90,"column":3}},"locations":[{"start":{"line":77,"column":39},"end":{"line":90,"column":3}}]},"13":{"type":"branch","line":80,"loc":{"start":{"line":80,"column":48},"end":{"line":88,"column":7}},"locations":[{"start":{"line":80,"column":48},"end":{"line":88,"column":7}}]},"14":{"type":"branch","line":81,"loc":{"start":{"line":81,"column":35},"end":{"line":81,"column":43}},"locations":[{"start":{"line":81,"column":35},"end":{"line":81,"column":43}}]},"15":{"type":"branch","line":81,"loc":{"start":{"line":81,"column":35},"end":{"line":83,"column":56}},"locations":[{"start":{"line":81,"column":35},"end":{"line":83,"column":56}}]},"16":{"type":"branch","line":83,"loc":{"start":{"line":83,"column":48},"end":{"line":83,"column":56}},"locations":[{"start":{"line":83,"column":48},"end":{"line":83,"column":56}}]},"17":{"type":"branch","line":83,"loc":{"start":{"line":83,"column":48},"end":{"line":84,"column":63}},"locations":[{"start":{"line":83,"column":48},"end":{"line":84,"column":63}}]},"18":{"type":"branch","line":84,"loc":{"start":{"line":84,"column":55},"end":{"line":84,"column":63}},"locations":[{"start":{"line":84,"column":55},"end":{"line":84,"column":63}}]},"19":{"type":"branch","line":84,"loc":{"start":{"line":84,"column":55},"end":{"line":86,"column":41}},"locations":[{"start":{"line":84,"column":55},"end":{"line":86,"column":41}}]},"20":{"type":"branch","line":86,"loc":{"start":{"line":86,"column":31},"end":{"line":86,"column":52}},"locations":[{"start":{"line":86,"column":31},"end":{"line":86,"column":52}}]},"21":{"type":"branch","line":86,"loc":{"start":{"line":86,"column":51},"end":{"line":88,"column":7}},"locations":[{"start":{"line":86,"column":51},"end":{"line":88,"column":7}}]},"22":{"type":"branch","line":89,"loc":{"start":{"line":89,"column":4},"end":{"line":89,"column":42}},"locations":[{"start":{"line":89,"column":4},"end":{"line":89,"column":42}}]},"23":{"type":"branch","line":90,"loc":{"start":{"line":90,"column":2},"end":{"line":107,"column":1}},"locations":[{"start":{"line":90,"column":2},"end":{"line":107,"column":1}}]},"24":{"type":"branch","line":67,"loc":{"start":{"line":67,"column":37},"end":{"line":67,"column":52}},"locations":[{"start":{"line":67,"column":37},"end":{"line":67,"column":52}}]},"25":{"type":"branch","line":73,"loc":{"start":{"line":73,"column":37},"end":{"line":73,"column":53}},"locations":[{"start":{"line":73,"column":37},"end":{"line":73,"column":53}}]},"26":{"type":"branch","line":93,"loc":{"start":{"line":93,"column":10},"end":{"line":93,"column":78}},"locations":[{"start":{"line":93,"column":10},"end":{"line":93,"column":78}}]},"27":{"type":"branch","line":94,"loc":{"start":{"line":94,"column":9},"end":{"line":94,"column":49}},"locations":[{"start":{"line":94,"column":9},"end":{"line":94,"column":49}}]},"28":{"type":"branch","line":97,"loc":{"start":{"line":97,"column":12},"end":{"line":97,"column":37}},"locations":[{"start":{"line":97,"column":12},"end":{"line":97,"column":37}}]},"29":{"type":"branch","line":98,"loc":{"start":{"line":98,"column":9},"end":{"line":98,"column":79}},"locations":[{"start":{"line":98,"column":9},"end":{"line":98,"column":79}}]},"30":{"type":"branch","line":98,"loc":{"start":{"line":98,"column":57},"end":{"line":98,"column":75}},"locations":[{"start":{"line":98,"column":57},"end":{"line":98,"column":75}}]},"31":{"type":"branch","line":109,"loc":{"start":{"line":109,"column":7},"end":{"line":118,"column":1}},"locations":[{"start":{"line":109,"column":7},"end":{"line":118,"column":1}}]},"32":{"type":"branch","line":110,"loc":{"start":{"line":110,"column":7},"end":{"line":110,"column":29}},"locations":[{"start":{"line":110,"column":7},"end":{"line":110,"column":29}}]},"33":{"type":"branch","line":110,"loc":{"start":{"line":110,"column":29},"end":{"line":110,"column":59}},"locations":[{"start":{"line":110,"column":29},"end":{"line":110,"column":59}}]},"34":{"type":"branch","line":110,"loc":{"start":{"line":110,"column":36},"end":{"line":112,"column":43}},"locations":[{"start":{"line":110,"column":36},"end":{"line":112,"column":43}}]},"35":{"type":"branch","line":112,"loc":{"start":{"line":112,"column":36},"end":{"line":112,"column":78}},"locations":[{"start":{"line":112,"column":36},"end":{"line":112,"column":78}}]},"36":{"type":"branch","line":112,"loc":{"start":{"line":112,"column":43},"end":{"line":115,"column":49}},"locations":[{"start":{"line":112,"column":43},"end":{"line":115,"column":49}}]},"37":{"type":"branch","line":115,"loc":{"start":{"line":115,"column":42},"end":{"line":115,"column":87}},"locations":[{"start":{"line":115,"column":42},"end":{"line":115,"column":87}}]},"38":{"type":"branch","line":115,"loc":{"start":{"line":115,"column":49},"end":{"line":118,"column":1}},"locations":[{"start":{"line":115,"column":49},"end":{"line":118,"column":1}}]},"39":{"type":"branch","line":120,"loc":{"start":{"line":120,"column":0},"end":{"line":180,"column":1}},"locations":[{"start":{"line":120,"column":0},"end":{"line":180,"column":1}}]},"40":{"type":"branch","line":128,"loc":{"start":{"line":128,"column":17},"end":{"line":128,"column":43}},"locations":[{"start":{"line":128,"column":17},"end":{"line":128,"column":43}}]},"41":{"type":"branch","line":128,"loc":{"start":{"line":128,"column":42},"end":{"line":131,"column":34}},"locations":[{"start":{"line":128,"column":42},"end":{"line":131,"column":34}}]},"42":{"type":"branch","line":131,"loc":{"start":{"line":131,"column":34},"end":{"line":133,"column":3}},"locations":[{"start":{"line":131,"column":34},"end":{"line":133,"column":3}}]},"43":{"type":"branch","line":133,"loc":{"start":{"line":133,"column":2},"end":{"line":143,"column":63}},"locations":[{"start":{"line":133,"column":2},"end":{"line":143,"column":63}}]},"44":{"type":"branch","line":143,"loc":{"start":{"line":143,"column":63},"end":{"line":168,"column":3}},"locations":[{"start":{"line":143,"column":63},"end":{"line":168,"column":3}}]},"45":{"type":"branch","line":147,"loc":{"start":{"line":147,"column":30},"end":{"line":152,"column":11}},"locations":[{"start":{"line":147,"column":30},"end":{"line":152,"column":11}}]},"46":{"type":"branch","line":152,"loc":{"start":{"line":152,"column":4},"end":{"line":165,"column":5}},"locations":[{"start":{"line":152,"column":4},"end":{"line":165,"column":5}}]},"47":{"type":"branch","line":168,"loc":{"start":{"line":168,"column":2},"end":{"line":172,"column":22}},"locations":[{"start":{"line":168,"column":2},"end":{"line":172,"column":22}}]},"48":{"type":"branch","line":172,"loc":{"start":{"line":172,"column":4},"end":{"line":172,"column":49}},"locations":[{"start":{"line":172,"column":4},"end":{"line":172,"column":49}}]},"49":{"type":"branch","line":172,"loc":{"start":{"line":172,"column":45},"end":{"line":172,"column":54}},"locations":[{"start":{"line":172,"column":45},"end":{"line":172,"column":54}}]},"50":{"type":"branch","line":154,"loc":{"start":{"line":154,"column":14},"end":{"line":158,"column":9}},"locations":[{"start":{"line":154,"column":14},"end":{"line":158,"column":9}}]},"51":{"type":"branch","line":155,"loc":{"start":{"line":155,"column":73},"end":{"line":155,"column":82}},"locations":[{"start":{"line":155,"column":73},"end":{"line":155,"column":82}}]},"52":{"type":"branch","line":156,"loc":{"start":{"line":156,"column":80},"end":{"line":157,"column":18}},"locations":[{"start":{"line":156,"column":80},"end":{"line":157,"column":18}}]},"53":{"type":"branch","line":159,"loc":{"start":{"line":159,"column":13},"end":{"line":159,"column":30}},"locations":[{"start":{"line":159,"column":13},"end":{"line":159,"column":30}}]},"54":{"type":"branch","line":182,"loc":{"start":{"line":182,"column":0},"end":{"line":189,"column":1}},"locations":[{"start":{"line":182,"column":0},"end":{"line":189,"column":1}}]},"55":{"type":"branch","line":183,"loc":{"start":{"line":183,"column":45},"end":{"line":188,"column":3}},"locations":[{"start":{"line":183,"column":45},"end":{"line":188,"column":3}}]},"56":{"type":"branch","line":191,"loc":{"start":{"line":191,"column":0},"end":{"line":195,"column":1}},"locations":[{"start":{"line":191,"column":0},"end":{"line":195,"column":1}}]},"57":{"type":"branch","line":192,"loc":{"start":{"line":192,"column":28},"end":{"line":192,"column":36}},"locations":[{"start":{"line":192,"column":28},"end":{"line":192,"column":36}}]},"58":{"type":"branch","line":193,"loc":{"start":{"line":193,"column":69},"end":{"line":193,"column":93}},"locations":[{"start":{"line":193,"column":69},"end":{"line":193,"column":93}}]},"59":{"type":"branch","line":204,"loc":{"start":{"line":204,"column":0},"end":{"line":217,"column":1}},"locations":[{"start":{"line":204,"column":0},"end":{"line":217,"column":1}}]},"60":{"type":"branch","line":208,"loc":{"start":{"line":208,"column":32},"end":{"line":208,"column":67}},"locations":[{"start":{"line":208,"column":32},"end":{"line":208,"column":67}}]},"61":{"type":"branch","line":209,"loc":{"start":{"line":209,"column":60},"end":{"line":209,"column":96}},"locations":[{"start":{"line":209,"column":60},"end":{"line":209,"column":96}}]},"62":{"type":"branch","line":210,"loc":{"start":{"line":210,"column":72},"end":{"line":210,"column":108}},"locations":[{"start":{"line":210,"column":72},"end":{"line":210,"column":108}}]},"63":{"type":"branch","line":214,"loc":{"start":{"line":214,"column":2},"end":{"line":216,"column":3}},"locations":[{"start":{"line":214,"column":2},"end":{"line":216,"column":3}}]},"64":{"type":"branch","line":219,"loc":{"start":{"line":219,"column":0},"end":{"line":221,"column":1}},"locations":[{"start":{"line":219,"column":0},"end":{"line":221,"column":1}}]},"65":{"type":"branch","line":220,"loc":{"start":{"line":220,"column":10},"end":{"line":220,"column":23}},"locations":[{"start":{"line":220,"column":10},"end":{"line":220,"column":23}}]},"66":{"type":"branch","line":223,"loc":{"start":{"line":223,"column":0},"end":{"line":231,"column":1}},"locations":[{"start":{"line":223,"column":0},"end":{"line":231,"column":1}}]},"67":{"type":"branch","line":224,"loc":{"start":{"line":224,"column":45},"end":{"line":231,"column":1}},"locations":[{"start":{"line":224,"column":45},"end":{"line":231,"column":1}}]},"68":{"type":"branch","line":233,"loc":{"start":{"line":233,"column":0},"end":{"line":277,"column":1}},"locations":[{"start":{"line":233,"column":0},"end":{"line":277,"column":1}}]},"69":{"type":"branch","line":242,"loc":{"start":{"line":242,"column":59},"end":{"line":242,"column":66}},"locations":[{"start":{"line":242,"column":59},"end":{"line":242,"column":66}}]},"70":{"type":"branch","line":243,"loc":{"start":{"line":243,"column":63},"end":{"line":243,"column":70}},"locations":[{"start":{"line":243,"column":63},"end":{"line":243,"column":70}}]},"71":{"type":"branch","line":244,"loc":{"start":{"line":244,"column":41},"end":{"line":244,"column":77}},"locations":[{"start":{"line":244,"column":41},"end":{"line":244,"column":77}}]},"72":{"type":"branch","line":246,"loc":{"start":{"line":246,"column":19},"end":{"line":246,"column":46}},"locations":[{"start":{"line":246,"column":19},"end":{"line":246,"column":46}}]},"73":{"type":"branch","line":246,"loc":{"start":{"line":246,"column":46},"end":{"line":246,"column":93}},"locations":[{"start":{"line":246,"column":46},"end":{"line":246,"column":93}}]},"74":{"type":"branch","line":248,"loc":{"start":{"line":248,"column":22},"end":{"line":248,"column":93}},"locations":[{"start":{"line":248,"column":22},"end":{"line":248,"column":93}}]},"75":{"type":"branch","line":251,"loc":{"start":{"line":251,"column":25},"end":{"line":256,"column":3}},"locations":[{"start":{"line":251,"column":25},"end":{"line":256,"column":3}}]},"76":{"type":"branch","line":258,"loc":{"start":{"line":258,"column":29},"end":{"line":264,"column":3}},"locations":[{"start":{"line":258,"column":29},"end":{"line":264,"column":3}}]},"77":{"type":"branch","line":266,"loc":{"start":{"line":266,"column":24},"end":{"line":274,"column":3}},"locations":[{"start":{"line":266,"column":24},"end":{"line":274,"column":3}}]},"78":{"type":"branch","line":292,"loc":{"start":{"line":292,"column":0},"end":{"line":305,"column":1}},"locations":[{"start":{"line":292,"column":0},"end":{"line":305,"column":1}}]},"79":{"type":"branch","line":293,"loc":{"start":{"line":293,"column":28},"end":{"line":293,"column":37}},"locations":[{"start":{"line":293,"column":28},"end":{"line":293,"column":37}}]},"80":{"type":"branch","line":302,"loc":{"start":{"line":302,"column":2},"end":{"line":304,"column":3}},"locations":[{"start":{"line":302,"column":2},"end":{"line":304,"column":3}}]},"81":{"type":"branch","line":307,"loc":{"start":{"line":307,"column":0},"end":{"line":328,"column":1}},"locations":[{"start":{"line":307,"column":0},"end":{"line":328,"column":1}}]},"82":{"type":"branch","line":312,"loc":{"start":{"line":312,"column":26},"end":{"line":324,"column":4}},"locations":[{"start":{"line":312,"column":26},"end":{"line":324,"column":4}}]},"83":{"type":"branch","line":313,"loc":{"start":{"line":313,"column":16},"end":{"line":313,"column":31}},"locations":[{"start":{"line":313,"column":16},"end":{"line":313,"column":31}}]},"84":{"type":"branch","line":315,"loc":{"start":{"line":315,"column":13},"end":{"line":315,"column":25}},"locations":[{"start":{"line":315,"column":13},"end":{"line":315,"column":25}}]},"85":{"type":"branch","line":330,"loc":{"start":{"line":330,"column":0},"end":{"line":406,"column":1}},"locations":[{"start":{"line":330,"column":0},"end":{"line":406,"column":1}}]},"86":{"type":"branch","line":340,"loc":{"start":{"line":340,"column":42},"end":{"line":363,"column":3}},"locations":[{"start":{"line":340,"column":42},"end":{"line":363,"column":3}}]},"87":{"type":"branch","line":343,"loc":{"start":{"line":343,"column":17},"end":{"line":346,"column":5}},"locations":[{"start":{"line":343,"column":17},"end":{"line":346,"column":5}}]},"88":{"type":"branch","line":348,"loc":{"start":{"line":348,"column":25},"end":{"line":348,"column":48}},"locations":[{"start":{"line":348,"column":25},"end":{"line":348,"column":48}}]},"89":{"type":"branch","line":351,"loc":{"start":{"line":351,"column":30},"end":{"line":351,"column":37}},"locations":[{"start":{"line":351,"column":30},"end":{"line":351,"column":37}}]},"90":{"type":"branch","line":353,"loc":{"start":{
[...]
398":{"start":{"line":399,"column":0},"end":{"line":399,"column":97}},"399":{"start":{"line":400,"column":0},"end":{"line":400,"column":76}},"400":{"start":{"line":401,"column":0},"end":{"line":401,"column":7}},"401":{"start":{"line":402,"column":0},"end":{"line":402,"column":5}},"402":{"start":{"line":403,"column":0},"end":{"line":403,"column":21}},"403":{"start":{"line":404,"column":0},"end":{"line":404,"column":58}},"404":{"start":{"line":405,"column":0},"end":{"line":405,"column":3}},"405":{"start":{"line":406,"column":0},"end":{"line":406,"column":0}},"406":{"start":{"line":407,"column":0},"end":{"line":407,"column":40}},"407":{"start":{"line":408,"column":0},"end":{"line":408,"column":45}},"408":{"start":{"line":409,"column":0},"end":{"line":409,"column":58}},"409":{"start":{"line":410,"column":0},"end":{"line":410,"column":3}},"410":{"start":{"line":411,"column":0},"end":{"line":411,"column":12}},"411":{"start":{"line":412,"column":0},"end":{"line":412,"column":1}},"412":{"start":{"line":413,"column":0},"end":{"line":413,"column":0}},"413":{"start":{"line":414,"column":0},"end":{"line":414,"column":78}},"414":{"start":{"line":415,"column":0},"end":{"line":415,"column":13}},"415":{"start":{"line":416,"column":0},"end":{"line":416,"column":78}},"416":{"start":{"line":417,"column":0},"end":{"line":417,"column":0}},"417":{"start":{"line":418,"column":0},"end":{"line":418,"column":31}},"418":{"start":{"line":419,"column":0},"end":{"line":419,"column":12}},"419":{"start":{"line":420,"column":0},"end":{"line":420,"column":14}},"420":{"start":{"line":421,"column":0},"end":{"line":421,"column":18}},"421":{"start":{"line":422,"column":0},"end":{"line":422,"column":19}},"422":{"start":{"line":423,"column":0},"end":{"line":423,"column":1}},"423":{"start":{"line":424,"column":0},"end":{"line":424,"column":0}},"424":{"start":{"line":425,"column":0},"end":{"line":425,"column":28}},"425":{"start":{"line":426,"column":0},"end":{"line":426,"column":15}},"426":{"start":{"line":427,"column":0},"end":{"line":427,"column":15}},"427":{"start":{"line":428,"column":0},"end":{"line":428,"column":14}},"428":{"start":{"line":429,"column":0},"end":{"line":429,"column":1}},"429":{"start":{"line":430,"column":0},"end":{"line":430,"column":0}},"430":{"start":{"line":431,"column":0},"end":{"line":431,"column":28}},"431":{"start":{"line":432,"column":0},"end":{"line":432,"column":19}},"432":{"start":{"line":433,"column":0},"end":{"line":433,"column":14}},"433":{"start":{"line":434,"column":0},"end":{"line":434,"column":17}},"434":{"start":{"line":435,"column":0},"end":{"line":435,"column":18}},"435":{"start":{"line":436,"column":0},"end":{"line":436,"column":20}},"436":{"start":{"line":437,"column":0},"end":{"line":437,"column":20}},"437":{"start":{"line":438,"column":0},"end":{"line":438,"column":22}},"438":{"start":{"line":439,"column":0},"end":{"line":439,"column":15}},"439":{"start":{"line":440,"column":0},"end":{"line":440,"column":20}},"440":{"start":{"line":441,"column":0},"end":{"line":441,"column":1}},"441":{"start":{"line":442,"column":0},"end":{"line":442,"column":0}},"442":{"start":{"line":443,"column":0},"end":{"line":443,"column":35}},"443":{"start":{"line":444,"column":0},"end":{"line":444,"column":27}},"444":{"start":{"line":445,"column":0},"end":{"line":445,"column":21}},"445":{"start":{"line":446,"column":0},"end":{"line":446,"column":1}},"446":{"start":{"line":447,"column":0},"end":{"line":447,"column":0}},"447":{"start":{"line":448,"column":0},"end":{"line":448,"column":74}},"448":{"start":{"line":449,"column":0},"end":{"line":449,"column":0}},"449":{"start":{"line":450,"column":0},"end":{"line":450,"column":70}},"450":{"start":{"line":451,"column":0},"end":{"line":451,"column":75}},"451":{"start":{"line":452,"column":0},"end":{"line":452,"column":0}},"452":{"start":{"line":453,"column":0},"end":{"line":453,"column":79}},"453":{"start":{"line":454,"column":0},"end":{"line":454,"column":38}},"454":{"start":{"line":455,"column":0},"end":{"line":455,"column":65}},"455":{"start":{"line":456,"column":0},"end":{"line":456,"column":61}},"456":{"start":{"line":457,"column":0},"end":{"line":457,"column":100}},"457":{"start":{"line":458,"column":0},"end":{"line":458,"column":0}},"458":{"start":{"line":459,"column":0},"end":{"line":459,"column":73}},"459":{"start":{"line":460,"column":0},"end":{"line":460,"column":44}},"460":{"start":{"line":461,"column":0},"end":{"line":461,"column":62}},"461":{"start":{"line":462,"column":0},"end":{"line":462,"column":43}},"462":{"start":{"line":463,"column":0},"end":{"line":463,"column":55}},"463":{"start":{"line":464,"column":0},"end":{"line":464,"column":41}},"464":{"start":{"line":465,"column":0},"end":{"line":465,"column":3}},"465":{"start":{"line":466,"column":0},"end":{"line":466,"column":0}},"466":{"start":{"line":467,"column":0},"end":{"line":467,"column":80}},"467":{"start":{"line":468,"column":0},"end":{"line":468,"column":102}},"468":{"start":{"line":469,"column":0},"end":{"line":469,"column":0}},"469":{"start":{"line":470,"column":0},"end":{"line":470,"column":59}},"470":{"start":{"line":471,"column":0},"end":{"line":471,"column":0}},"471":{"start":{"line":472,"column":0},"end":{"line":472,"column":83}},"472":{"start":{"line":473,"column":0},"end":{"line":473,"column":57}},"473":{"start":{"line":474,"column":0},"end":{"line":474,"column":34}},"474":{"start":{"line":475,"column":0},"end":{"line":475,"column":52}},"475":{"start":{"line":476,"column":0},"end":{"line":476,"column":29}},"476":{"start":{"line":477,"column":0},"end":{"line":477,"column":86}},"477":{"start":{"line":478,"column":0},"end":{"line":478,"column":52}},"478":{"start":{"line":479,"column":0},"end":{"line":479,"column":65}},"479":{"start":{"line":480,"column":0},"end":{"line":480,"column":3}},"480":{"start":{"line":481,"column":0},"end":{"line":481,"column":0}},"481":{"start":{"line":482,"column":0},"end":{"line":482,"column":47}},"482":{"start":{"line":483,"column":0},"end":{"line":483,"column":18}},"483":{"start":{"line":484,"column":0},"end":{"line":484,"column":43}},"484":{"start":{"line":485,"column":0},"end":{"line":485,"column":58}},"485":{"start":{"line":486,"column":0},"end":{"line":486,"column":47}},"486":{"start":{"line":487,"column":0},"end":{"line":487,"column":50}},"487":{"start":{"line":488,"column":0},"end":{"line":488,"column":43}},"488":{"start":{"line":489,"column":0},"end":{"line":489,"column":14}},"489":{"start":{"line":490,"column":0},"end":{"line":490,"column":11}},"490":{"start":{"line":491,"column":0},"end":{"line":491,"column":39}},"491":{"start":{"line":492,"column":0},"end":{"line":492,"column":15}},"492":{"start":{"line":493,"column":0},"end":{"line":493,"column":32}},"493":{"start":{"line":494,"column":0},"end":{"line":494,"column":7}},"494":{"start":{"line":495,"column":0},"end":{"line":495,"column":6}},"495":{"start":{"line":496,"column":0},"end":{"line":496,"column":49}},"496":{"start":{"line":497,"column":0},"end":{"line":497,"column":0}},"497":{"start":{"line":498,"column":0},"end":{"line":498,"column":39}},"498":{"start":{"line":499,"column":0},"end":{"line":499,"column":21}},"499":{"start":{"line":500,"column":0},"end":{"line":500,"column":54}},"500":{"start":{"line":501,"column":0},"end":{"line":501,"column":54}},"501":{"start":{"line":502,"column":0},"end":{"line":502,"column":62}},"502":{"start":{"line":503,"column":0},"end":{"line":503,"column":62}},"503":{"start":{"line":504,"column":0},"end":{"line":504,"column":60}},"504":{"start":{"line":505,"column":0},"end":{"line":505,"column":59}},"505":{"start":{"line":506,"column":0},"end":{"line":506,"column":39}},"506":{"start":{"line":507,"column":0},"end":{"line":507,"column":77}},"507":{"start":{"line":508,"column":0},"end":{"line":508,"column":25}},"508":{"start":{"line":509,"column":0},"end":{"line":509,"column":52}},"509":{"start":{"line":510,"column":0},"end":{"line":510,"column":18}},"510":{"start":{"line":511,"column":0},"end":{"line":511,"column":52}},"511":{"start":{"line":512,"column":0},"end":{"line":512,"column":18}},"512":{"start":{"line":513,"column":0},"end":{"line":513,"column":46}},"513":{"start":{"line":514,"column":0},"end":{"line":514,"column":11}},"514":{"start":{"line":515,"column":0},"end":{"line":515,"column":10}},"515":{"start":{"line":516,"column":0},"end":{"line":516,"column":42}},"516":{"start":{"line":517,"column":0},"end":{"line":517,"column":14}},"517":{"start":{"line":518,"column":0},"end":{"line":518,"column":18}},"518":{"start":{"line":519,"column":0},"end":{"line":519,"column":13}},"519":{"start":{"line":520,"column":0},"end":{"line":520,"column":39}},"520":{"start":{"line":521,"column":0},"end":{"line":521,"column":17}},"521":{"start":{"line":522,"column":0},"end":{"line":522,"column":55}},"522":{"start":{"line":523,"column":0},"end":{"line":523,"column":19}},"523":{"start":{"line":524,"column":0},"end":{"line":524,"column":63}},"524":{"start":{"line":525,"column":0},"end":{"line":525,"column":14}},"525":{"start":{"line":526,"column":0},"end":{"line":526,"column":13}},"526":{"start":{"line":527,"column":0},"end":{"line":527,"column":7}},"527":{"start":{"line":528,"column":0},"end":{"line":528,"column":6}},"528":{"start":{"line":529,"column":0},"end":{"line":529,"column":10}},"529":{"start":{"line":530,"column":0},"end":{"line":530,"column":83}},"530":{"start":{"line":531,"column":0},"end":{"line":531,"column":5}},"531":{"start":{"line":532,"column":0},"end":{"line":532,"column":0}},"532":{"start":{"line":533,"column":0},"end":{"line":533,"column":54}},"533":{"start":{"line":534,"column":0},"end":{"line":534,"column":33}},"534":{"start":{"line":535,"column":0},"end":{"line":535,"column":13}},"535":{"start":{"line":536,"column":0},"end":{"line":536,"column":1}}},"s":{"0":0,"1":0,"2":0,"3":0,"4":0,"5":0,"6":0,"7":0,"8":0,"9":0,"10":0,"11":0,"12":0,"13":0,"14":0,"15":0,"16":0,"17":0,"18":0,"19":0,"20":0,"21":0,"22":0,"23":0,"24":0,"25":0,"26":0,"27":0,"28":0,"29":0,"30":0,"31":0,"32":0,"33":0,"34":0,"35":0,"36":0,"37":0,"38":0,"39":0,"40":0,"41":0,"42":0,"43":0,"44":0,"45":0,"46":0,"47":0,"48":0,"49":0,"50":0,"51":0,"52":0,"53":0,"54":0,"55":0,"56":0,"57":0,"58":0,"59":0,"60":0,"61":0,"62":0,"63":0,"64":0,"65":0,"66":0,"67":0,"68":0,"69":0,"70":0,"71":0,"72":0,"73":0,"74":0,"75":0,"76":0,"77":0,"78":0,"79":0,"80":0,"81":0,"82":0,"83":0,"84":0,"85":0,"86":0,"87":0,"88":0,"89":0,"90":0,"91":0,"92":0,"93":0,"94":0,"95":0,"96":0,"97":0,"98":0,"99":0,"100":0,"101":0,"102":0,"103":0,"104":0,"105":0,"106":0,"107":0,"108":0,"109":0,"110":0,"111":0,"112":0,"113":0,"114":0,"115":0,"116":0,"117":0,"118":0,"119":0,"120":0,"121":0,"122":0,"123":0,"124":0,"125":0,"126":0,"127":0,"128":0,"129":0,"130":0,"131":0,"132":0,"133":0,"134":0,"135":0,"136":0,"137":0,"138":0,"139":0,"140":0,"141":0,"142":0,"143":0,"144":0,"145":0,"146":0,"147":0,"148":0,"149":0,"150":0,"151":0,"152":0,"153":0,"154":0,"155":0,"156":0,"157":0,"158":0,"159":0,"160":0,"161":0,"162":0,"163":0,"164":0,"165":0,"166":0,"167":0,"168":0,"169":0,"170":0,"171":0,"172":0,"173":0,"174":0,"175":0,"176":0,"177":0,"178":0,"179":0,"180":0,"181":0,"182":0,"183":0,"184":0,"185":0,"186":0,"187":0,"188":0,"189":0,"190":0,"191":0,"192":0,"193":0,"194":0,"195":0,"196":0,"197":0,"198":0,"199":0,"200":0,"201":0,"202":0,"203":0,"204":0,"205":0,"206":0,"207":0,"208":0,"209":0,"210":0,"211":0,"212":0,"213":0,"214":0,"215":0,"216":0,"217":0,"218":0,"219":0,"220":0,"221":0,"222":0,"223":0,"224":0,"225":0,"226":0,"227":0,"228":0,"229":0,"230":0,"231":0,"232":0,"233":0,"234":0,"235":0,"236":0,"237":0,"238":0,"239":0,"240":0,"241":0,"242":0,"243":0,"244":0,"245":0,"246":0,"247":0,"248":0,"249":0,"250":0,"251":0,"252":0,"253":0,"254":0,"255":0,"256":0,"257":0,"258":0,"259":0,"260":0,"261":0,"262":0,"263":0,"264":0,"265":0,"266":0,"267":0,"268":0,"269":0,"270":0,"271":0,"272":0,"273":0,"274":0,"275":0,"276":0,"277":0,"278":0,"279":0,"280":0,"281":0,"282":0,"283":0,"284":0,"285":0,"286":0,"287":0,"288":0,"289":0,"290":0,"291":0,"292":0,"293":0,"294":0,"295":0,"296":0,"297":0,"298":0,"299":0,"300":0,"301":0,"302":0,"303":0,"304":0,"305":0,"306":0,"307":0,"308":0,"309":0,"310":0,"311":0,"312":0,"313":0,"314":0,"315":0,"316":0,"317":0,"318":0,"319":0,"320":0,"321":0,"322":0,"323":0,"324":0,"325":0,"326":0,"327":0,"328":0,"329":0,"330":0,"331":0,"332":0,"333":0,"334":0,"335":0,"336":0,"337":0,"338":0,"339":0,"340":0,"341":0,"342":0,"343":0,"344":0,"345":0,"346":0,"347":0,"348":0,"349":0,"350":0,"351":0,"352":0,"353":0,"354":0,"355":0,"356":0,"357":0,"358":0,"359":0,"360":0,"361":0,"362":0,"363":0,"364":0,"365":0,"366":0,"367":0,"368":0,"369":0,"370":0,"371":0,"372":0,"373":0,"374":0,"375":0,"376":0,"377":0,"378":0,"379":0,"380":0,"381":0,"382":0,"383":0,"384":0,"385":0,"386":0,"387":0,"388":0,"389":0,"390":0,"391":0,"392":0,"393":0,"394":0,"395":0,"396":0,"397":0,"398":0,"399":0,"400":0,"401":0,"402":0,"403":0,"404":0,"405":0,"406":0,"407":0,"408":0,"409":0,"410":0,"411":0,"412":0,"413":0,"414":0,"415":0,"416":0,"417":0,"418":0,"419":0,"420":0,"421":0,"422":0,"423":0,"424":0,"425":0,"426":0,"427":0,"428":0,"429":0,"430":0,"431":0,"432":0,"433":0,"434":0,"435":0,"436":0,"437":0,"438":0,"439":0,"440":0,"441":0,"442":0,"443":0,"444":0,"445":0,"446":0,"447":0,"448":0,"449":0,"450":0,"451":0,"452":0,"453":0,"454":0,"455":0,"456":0,"457":0,"458":0,"459":0,"460":0,"461":0,"462":0,"463":0,"464":0,"465":0,"466":0,"467":0,"468":0,"469":0,"470":0,"471":0,"472":0,"473":0,"474":0,"475":0,"476":0,"477":0,"478":0,"479":0,"480":0,"481":0,"482":0,"483":0,"484":0,"485":0,"486":0,"487":0,"488":0,"489":0,"490":0,"491":0,"492":0,"493":0,"494":0,"495":0,"496":0,"497":0,"498":0,"499":0,"500":0,"501":0,"502":0,"503":0,"504":0,"505":0,"506":0,"507":0,"508":0,"509":0,"510":0,"511":0,"512":0,"513":0,"514":0,"515":0,"516":0,"517":0,"518":0,"519":0,"520":0,"521":0,"522":0,"523":0,"524":0,"525":0,"526":0,"527":0,"528":0,"529":0,"530":0,"531":0,"532":0,"533":0,"534":0,"535":0},"branchMap":{"0":{"type":"branch","line":1,"loc":{"start":{"line":1,"column":0},"end":{"line":536,"column":1}},"locations":[{"start":{"line":1,"column":0},"end":{"line":536,"column":1}}]}},"b":{"0":[0]},"fnMap":{"0":{"name":"(empty-report)","decl":{"start":{"line":1,"column":0},"end":{"line":536,"column":1}},"loc":{"start":{"line":1,"column":0},"end":{"line":536,"column":1}},"line":1}},"f":{"0":0}}
,"C:\\Projects\\smash music modding\\UltimateMusicBuilder\\UMB.Desktop\\src\\main\\test-utils.ts": {"path":"C:\\Projects\\smash music modding\\UltimateMusicBuilder\\UMB.Desktop\\src\\main\\test-utils.ts","all":false,"statementMap":{"0":{"start":{"line":1,"column":0},"end":{"line":1,"column":66}},"20":{"start":{"line":21,"column":0},"end":{"line":21,"column":44}},"21":{"start":{"line":22,"column":0},"end":{"line":22,"column":55}},"22":{"start":{"line":23,"column":0},"end":{"line":23,"column":10}},"23":{"start":{"line":24,"column":0},"end":{"line":24,"column":9}},"24":{"start":{"line":25,"column":0},"end":{"line":25,"column":78}},"25":{"start":{"line":26,"column":0},"end":{"line":26,"column":65}},"26":{"start":{"line":27,"column":0},"end":{"line":27,"column":3}},"27":{"start":{"line":28,"column":0},"end":{"line":28,"column":1}},"29":{"start":{"line":30,"column":0},"end":{"line":30,"column":28}},"30":{"start":{"line":31,"column":0},"end":{"line":31,"column":16}},"31":{"start":{"line":32,"column":0},"end":{"line":32,"column":14}},"32":{"start":{"line":33,"column":0},"end":{"line":33,"column":17}},"33":{"start":{"line":34,"column":0},"end":{"line":34,"column":24}},"34":{"start":{"line":35,"column":0},"end":{"line":35,"column":11}},"35":{"start":{"line":36,"column":0},"end":{"line":36,"column":40}},"36":{"start":{"line":37,"column":0},"end":{"line":37,"column":37}},"37":{"start":{"line":38,"column":0},"end":{"line":38,"column":67}},"38":{"start":{"line":39,"column":0},"end":{"line":39,"column":41}},"39":{"start":{"line":40,"column":0},"end":{"line":40,"column":71}},"40":{"start":{"line":41,"column":0},"end":{"line":41,"column":3}},"41":{"start":{"line":42,"column":0},"end":{"line":42,"column":44}},"42":{"start":{"line":43,"column":0},"end":{"line":43,"column":78}},"43":{"start":{"line":44,"column":0},"end":{"line":44,"column":3}},"44":{"start":{"line":45,"column":0},"end":{"line":45,"column":12}},"45":{"start":{"line":46,"column":0},"end":{"line":46,"column":1}},"48":{"start":{"line":49,"column":0},"end":{"line":49,"column":71}},"49":{"start":{"line":50,"column":0},"end":{"line":50,"column":61}},"50":{"start":{"line":51,"column":0},"end":{"line":51,"column":37}},"51":{"start":{"line":52,"column":0},"end":{"line":52,"column":12}},"52":{"start":{"line":53,"column":0},"end":{"line":53,"column":1}},"55":{"start":{"line":56,"column":0},"end":{"line":56,"column":88}},"56":{"start":{"line":57,"column":0},"end":{"line":57,"column":37}},"57":{"start":{"line":58,"column":0},"end":{"line":58,"column":30}},"58":{"start":{"line":59,"column":0},"end":{"line":59,"column":30}},"59":{"start":{"line":60,"column":0},"end":{"line":60,"column":13}},"60":{"start":{"line":61,"column":0},"end":{"line":61,"column":1}}},"s":{"0":1,"20":1,"21":61,"22":61,"23":61,"24":61,"25":61,"26":61,"27":61,"29":1,"30":42,"31":42,"32":42,"33":42,"34":42,"35":42,"36":42,"37":42,"38":42,"39":29,"40":29,"41":42,"42":2,"43":2,"44":42,"45":42,"48":1,"49":37,"50":37,"51":37,"52":37,"55":1,"56":41,"57":41,"58":41,"59":41,"60":41},"branchMap":{"0":{"type":"branch","line":21,"loc":{"start":{"line":21,"column":7},"end":{"line":28,"column":1}},"locations":[{"start":{"line":21,"column":7},"end":{"line":28,"column":1}}]},"1":{"type":"branch","line":25,"loc":{"start":{"line":25,"column":16},"end":{"line":25,"column":78}},"locations":[{"start":{"line":25,"column":16},"end":{"line":25,"column":78}}]},"2":{"type":"branch","line":26,"loc":{"start":{"line":26,"column":13},"end":{"line":26,"column":65}},"locations":[{"start":{"line":26,"column":13},"end":{"line":26,"column":65}}]},"3":{"type":"branch","line":30,"loc":{"start":{"line":30,"column":7},"end":{"line":46,"column":1}},"locations":[{"start":{"line":30,"column":7},"end":{"line":46,"column":1}}]},"4":{"type":"branch","line":39,"loc":{"start":{"line":39,"column":40},"end":{"line":41,"column":3}},"locations":[{"start":{"line":39,"column":40},"end":{"line":41,"column":3}}]},"5":{"type":"branch","line":42,"loc":{"start":{"line":42,"column":43},"end":{"line":44,"column":3}},"locations":[{"start":{"line":42,"column":43},"end":{"line":44,"column":3}}]},"6":{"type":"branch","line":49,"loc":{"start":{"line":49,"column":7},"end":{"line":53,"column":1}},"locations":[{"start":{"line":49,"column":7},"end":{"line":53,"column":1}}]},"7":{"type":"branch","line":56,"loc":{"start":{"line":56,"column":7},"end":{"line":61,"column":1}},"locations":[{"start":{"line":56,"column":7},"end":{"line":61,"column":1}}]}},"b":{"0":[61],"1":[42],"2":[61],"3":[42],"4":[29],"5":[2],"6":[37],"7":[41]},"fnMap":{"0":{"name":"makeWorkspace","decl":{"start":{"line":21,"column":7},"end":{"line":28,"column":1}},"loc":{"start":{"line":21,"column":7},"end":{"line":28,"column":1}},"line":21},"1":{"name":"seriesPath","decl":{"start":{"line":25,"column":16},"end":{"line":25,"column":78}},"loc":{"start":{"line":25,"column":16},"end":{"line":25,"column":78}},"line":25},"2":{"name":"cleanup","decl":{"start":{"line":26,"column":13},"end":{"line":26,"column":65}},"loc":{"start":{"line":26,"column":13},"end":{"line":26,"column":65}},"line":26},"3":{"name":"writeSeries","decl":{"start":{"line":30,"column":7},"end":{"line":46,"column":1}},"loc":{"start":{"line":30,"column":7},"end":{"line":46,"column":1}},"line":30},"4":{"name":"makeDir","decl":{"start":{"line":49,"column":7},"end":{"line":53,"column":1}},"loc":{"start":{"line":49,"column":7},"end":{"line":53,"column":1}},"line":49},"5":{"name":"writeFile","decl":{"start":{"line":56,"column":7},"end":{"line":61,"column":1}},"loc":{"start":{"line":56,"column":7},"end":{"line":61,"column":1}},"line":56}},"f":{"0":61,"1":42,"2":61,"3":42,"4":37,"5":41}}
}
